2025-08-17 08:39:48,971 [INFO] Activator:176 - 


2025-08-17 08:39:48,972 [INFO] Activator:177 - !SESSION log4j initialized
2025-08-17 08:39:50,653 [INFO] LogOutputStream:77 - [STDOUT_REDIRECT] 
2025-08-17 08:39:52,386 [INFO] ApplicationProperties:184 - Using Application install path: C:\Program Files\STM32CubeIDE_1.17.0\STM32CubeIDE\plugins\com.st.stm32cube.common.mx_6.13.0.202411220809
2025-08-17 08:39:52,397 [INFO] DbMcusXml:78 - Set database path to: C:\Program Files\STM32CubeIDE_1.17.0\STM32CubeIDE\plugins\com.st.stm32cube.common.mx_6.13.0.202411220809\\db\/mcu/
2025-08-17 08:39:52,398 [INFO] ApiDb:274 - Set plugin database path to: C:\Program Files\STM32CubeIDE_1.17.0\STM32CubeIDE\plugins\com.st.stm32cube.common.mx_6.13.0.202411220809\\db\/plugins/boardmanager/
2025-08-17 08:39:52,398 [WARN] ApiDb:259 - Overriding images path with different value:  => C:\Program Files\STM32CubeIDE_1.17.0\STM32CubeIDE\plugins\com.st.stm32cube.common.mx_6.13.0.202411220809\\db\/plugins/mcufinder/images/
2025-08-17 08:39:52,402 [INFO] ApiDb:250 - Set database path to: C:\Users\Administrator\.stmcufinder\plugins\mcufinder//mcu/
2025-08-17 08:39:52,403 [INFO] DbMcusAds:125 - Set database path to: C:\Users\Administrator\.stmcufinder\plugins\mcufinder//mcu/
2025-08-17 08:39:52,405 [INFO] CrossReferenceDbSqlite:203 - Set database path to: C:\Users\Administrator\.stmcufinder\plugins\mcufinder//mcu/cs/
2025-08-17 08:39:52,491 [INFO] RulesReader:64 - Compatibility file has been processed (297 Rules)
2025-08-17 08:39:52,558 [INFO] DbMcusXml:78 - Set database path to: C:\Program Files\STM32CubeIDE_1.17.0\STM32CubeIDE\plugins\com.st.stm32cube.common.mx_6.13.0.202411220809\\db\/mcu/
2025-08-17 08:39:52,558 [INFO] ApiDb:274 - Set plugin database path to: C:\Program Files\STM32CubeIDE_1.17.0\STM32CubeIDE\plugins\com.st.stm32cube.common.mx_6.13.0.202411220809\\db\/plugins/boardmanager/
2025-08-17 08:39:52,558 [INFO] ApiDb:261 - Set plugin images path to: C:\Program Files\STM32CubeIDE_1.17.0\STM32CubeIDE\plugins\com.st.stm32cube.common.mx_6.13.0.202411220809\\db\/plugins/mcufinder/images/
2025-08-17 08:39:52,558 [WARN] DbFile:41 - Overriding database path with different value: C:\Users\Administrator\.stmcufinder\plugins\mcufinder/ => C:\Users\Administrator\.stmcufinder\plugins\mcufinder
2025-08-17 08:39:52,559 [INFO] ApiDb:250 - Set database path to: C:\Users\Administrator\.stmcufinder\plugins\mcufinder//mcu/
2025-08-17 08:39:52,559 [WARN] DbFile:41 - Overriding database path with different value: C:\Users\Administrator\.stmcufinder\plugins\mcufinder/ => C:\Users\Administrator\.stmcufinder\plugins\mcufinder
2025-08-17 08:39:52,559 [INFO] DbMcusAds:125 - Set database path to: C:\Users\Administrator\.stmcufinder\plugins\mcufinder//mcu/
2025-08-17 08:39:52,559 [WARN] DbFile:41 - Overriding database path with different value: C:\Users\Administrator\.stmcufinder\plugins\mcufinder/ => C:\Users\Administrator\.stmcufinder\plugins\mcufinder
2025-08-17 08:39:52,559 [WARN] DbFile:41 - Overriding database path with different value: C:\Users\Administrator\.stmcufinder\plugins\mcufinder/ => C:\Users\Administrator\.stmcufinder\plugins\mcufinder
2025-08-17 08:39:52,559 [INFO] CrossReferenceDbSqlite:203 - Set database path to: C:\Users\Administrator\.stmcufinder\plugins\mcufinder//mcu/cs/
2025-08-17 08:39:52,712 [INFO] MainPanel:272 - HeapMemory: 268435456
2025-08-17 08:39:52,766 [INFO] DbMcusXml:78 - Set database path to: C:\Program Files\STM32CubeIDE_1.17.0\STM32CubeIDE\plugins\com.st.stm32cube.common.mx_6.13.0.202411220809\\db\/mcu/
2025-08-17 08:39:52,766 [INFO] ApiDb:274 - Set plugin database path to: C:\Program Files\STM32CubeIDE_1.17.0\STM32CubeIDE\plugins\com.st.stm32cube.common.mx_6.13.0.202411220809\\db\/plugins/boardmanager/
2025-08-17 08:39:52,766 [INFO] ApiDb:261 - Set plugin images path to: C:\Program Files\STM32CubeIDE_1.17.0\STM32CubeIDE\plugins\com.st.stm32cube.common.mx_6.13.0.202411220809\\db\/plugins/mcufinder/images/
2025-08-17 08:39:52,767 [WARN] DbFile:41 - Overriding database path with different value: C:\Users\Administrator\.stmcufinder\plugins\mcufinder/ => C:\Users\Administrator\.stmcufinder\plugins\mcufinder
2025-08-17 08:39:52,767 [INFO] ApiDb:250 - Set database path to: C:\Users\Administrator\.stmcufinder\plugins\mcufinder//mcu/
2025-08-17 08:39:52,767 [WARN] DbFile:41 - Overriding database path with different value: C:\Users\Administrator\.stmcufinder\plugins\mcufinder/ => C:\Users\Administrator\.stmcufinder\plugins\mcufinder
2025-08-17 08:39:52,767 [INFO] DbMcusAds:125 - Set database path to: C:\Users\Administrator\.stmcufinder\plugins\mcufinder//mcu/
2025-08-17 08:39:52,767 [WARN] DbFile:41 - Overriding database path with different value: C:\Users\Administrator\.stmcufinder\plugins\mcufinder/ => C:\Users\Administrator\.stmcufinder\plugins\mcufinder
2025-08-17 08:39:52,767 [WARN] DbFile:41 - Overriding database path with different value: C:\Users\Administrator\.stmcufinder\plugins\mcufinder/ => C:\Users\Administrator\.stmcufinder\plugins\mcufinder
2025-08-17 08:39:52,767 [INFO] CrossReferenceDbSqlite:203 - Set database path to: C:\Users\Administrator\.stmcufinder\plugins\mcufinder//mcu/cs/
2025-08-17 08:39:52,780 [INFO] ApplicationProperties:184 - Using Application install path: C:\Program Files\STM32CubeIDE_1.17.0\STM32CubeIDE\plugins\com.st.stm32cube.common.mx_6.13.0.202411220809
2025-08-17 08:39:52,781 [INFO] PluginManage:196 - Search for loadable plugins [exclusion list=, ]
2025-08-17 08:39:52,782 [INFO] PluginManage:310 - Check plugin analytics
2025-08-17 08:39:52,903 [INFO] AnalyticsPlugin:253 - Accepted Software Licenses: STM32CubeMX.6.11.1,STM32CubeMX.6.14.1
2025-08-17 08:39:52,903 [INFO] AnalyticsPlugin:255 - Accepted CMSIS Pack Licenses: 
2025-08-17 08:39:52,903 [INFO] AnalyticsPlugin:257 - Accepted Firmware Licenses: 
2025-08-17 08:39:52,905 [INFO] PluginManage:359 - Loaded plugin analytics (category:tool,tabindex:-1)
2025-08-17 08:39:52,905 [INFO] PluginManage:310 - Check plugin cadmodel
2025-08-17 08:39:52,908 [INFO] CADModel:105 - Init CAD model plugin
2025-08-17 08:39:52,908 [INFO] PluginManage:359 - Loaded plugin cadmodel (category:power,tabindex:5)
2025-08-17 08:39:52,908 [INFO] PluginManage:310 - Check plugin clock
2025-08-17 08:39:52,915 [INFO] PluginManage:359 - Loaded plugin clock (category:base,tabindex:2)
2025-08-17 08:39:52,915 [INFO] PluginManage:310 - Check plugin ddr
2025-08-17 08:39:52,916 [INFO] PluginManage:359 - Loaded plugin ddr (category:tool,tabindex:6)
2025-08-17 08:39:52,916 [INFO] PluginManage:310 - Check plugin filemanager
2025-08-17 08:39:53,007 [INFO] PluginManage:359 - Loaded plugin filemanager (category:base,tabindex:10)
2025-08-17 08:39:53,007 [INFO] PluginManage:310 - Check plugin ipmanager
2025-08-17 08:39:53,012 [INFO] PluginManage:359 - Loaded plugin ipmanager (category:base,tabindex:5)
2025-08-17 08:39:53,012 [INFO] PluginManage:310 - Check plugin lpbam
2025-08-17 08:39:53,017 [INFO] PluginManage:359 - Loaded plugin lpbam (category:base,tabindex:0)
2025-08-17 08:39:53,017 [INFO] PluginManage:310 - Check plugin memorymap
2025-08-17 08:39:53,024 [INFO] PluginManage:359 - Loaded plugin memorymap (category:base,tabindex:4)
2025-08-17 08:39:53,024 [INFO] PluginManage:310 - Check plugin pinoutandconfiguration
2025-08-17 08:39:53,029 [INFO] PluginManage:359 - Loaded plugin pinoutandconfiguration (category:base,tabindex:1)
2025-08-17 08:39:53,029 [INFO] PluginManage:310 - Check plugin pinoutconfig
2025-08-17 08:39:53,088 [WARN] SupportedApi:132 - Cannot load RTOS API schema: s4s-elt-must-match.1: The content of 'definitions' must match (annotation?, (simpleType | complexType)?, (unique | key | keyref)*)). A problem was found starting at: attribute.
2025-08-17 08:39:53,175 [INFO] PluginManage:359 - Loaded plugin pinoutconfig (category:base,tabindex:0)
2025-08-17 08:39:53,175 [INFO] PluginManage:310 - Check plugin power
2025-08-17 08:39:53,182 [INFO] PluginManage:359 - Loaded plugin power (category:power,tabindex:4)
2025-08-17 08:39:53,183 [INFO] PluginManage:310 - Check plugin projectmanager
2025-08-17 08:39:53,195 [INFO] PluginManage:359 - Loaded plugin projectmanager (category:projectmanager,tabindex:4)
2025-08-17 08:39:53,195 [INFO] PluginManage:310 - Check plugin rif
2025-08-17 08:39:53,199 [INFO] PluginManage:359 - Loaded plugin rif (category:base,tabindex:3)
2025-08-17 08:39:53,199 [INFO] PluginManage:310 - Check plugin thirdparty
2025-08-17 08:39:53,288 [INFO] PluginManage:359 - Loaded plugin thirdparty (category:base,tabindex:-1)
2025-08-17 08:39:53,289 [INFO] PluginManage:310 - Check plugin tools
2025-08-17 08:39:53,288 [WARN] IntegrityCheckThread:84 - waiting for thirdparty lock release [integrity check]
2025-08-17 08:39:53,289 [INFO] IntegrityCheckThread:86 - entering critical section [integrity check]
2025-08-17 08:39:53,289 [INFO] ThirdPartyUpdaterWithRetryManager:70 - Updater plugin not ready yet. [1/15]
2025-08-17 08:39:53,290 [INFO] PluginManage:359 - Loaded plugin tools (category:base,tabindex:7)
2025-08-17 08:39:53,291 [INFO] PluginManage:310 - Check plugin tutovideos
2025-08-17 08:39:53,392 [INFO] PluginManage:359 - Loaded plugin tutovideos (category:base,tabindex:-1)
2025-08-17 08:39:53,392 [INFO] PluginManage:310 - Check plugin updater
2025-08-17 08:39:53,407 [INFO] PluginManage:359 - Loaded plugin updater (category:base,tabindex:12)
2025-08-17 08:39:53,407 [INFO] PluginManage:310 - Check plugin userauth
2025-08-17 08:39:53,412 [INFO] UserAuth:118 - Init User Auth plugin
2025-08-17 08:39:53,412 [INFO] PluginManage:359 - Loaded plugin userauth (category:base,tabindex:14)
2025-08-17 08:39:53,413 [INFO] PluginManage:283 - PluginManage : Loaded plugins [18]
2025-08-17 08:39:53,567 [INFO] PinOutPanel:1589 - setPackage(No Configuration,No Configuration)
2025-08-17 08:39:53,627 [INFO] CADModel:165 - CPN selected for project level
2025-08-17 08:39:53,627 [INFO] CADModel:114 - Register for checkConnection events
2025-08-17 08:39:53,636 [INFO] IPUIPlugin:80 - create IPUIPlugin
2025-08-17 08:39:53,636 [INFO] PluginManager:220 - loadIPPluginJar : add adc
2025-08-17 08:39:53,638 [INFO] IPUIPlugin:80 - create IPUIPlugin
2025-08-17 08:39:53,638 [INFO] PluginManager:220 - loadIPPluginJar : add aes
2025-08-17 08:39:53,639 [INFO] IPUIPlugin:80 - create IPUIPlugin
2025-08-17 08:39:53,639 [INFO] PluginManager:220 - loadIPPluginJar : add can
2025-08-17 08:39:53,640 [INFO] IPUIPlugin:80 - create IPUIPlugin
2025-08-17 08:39:53,640 [INFO] PluginManager:220 - loadIPPluginJar : add comp
2025-08-17 08:39:53,641 [INFO] IPUIPlugin:80 - create IPUIPlugin
2025-08-17 08:39:53,641 [INFO] PluginManager:220 - loadIPPluginJar : add cryp
2025-08-17 08:39:53,643 [INFO] IPUIPlugin:80 - create IPUIPlugin
2025-08-17 08:39:53,643 [INFO] PluginManager:220 - loadIPPluginJar : add ddr_ctrl_phy
2025-08-17 08:39:53,644 [INFO] IPUIPlugin:80 - create IPUIPlugin
2025-08-17 08:39:53,644 [INFO] PluginManager:220 - loadIPPluginJar : add dfsdm
2025-08-17 08:39:53,647 [INFO] IPUIPlugin:80 - create IPUIPlugin
2025-08-17 08:39:53,647 [INFO] PluginManager:220 - loadIPPluginJar : add dma
2025-08-17 08:39:53,649 [INFO] IPUIPlugin:80 - create IPUIPlugin
2025-08-17 08:39:53,649 [INFO] PluginManager:220 - loadIPPluginJar : add dma3
2025-08-17 08:39:53,650 [INFO] IPUIPlugin:80 - create IPUIPlugin
2025-08-17 08:39:53,650 [INFO] PluginManager:220 - loadIPPluginJar : add extmemmanager
2025-08-17 08:39:53,651 [INFO] IPUIPlugin:80 - create IPUIPlugin
2025-08-17 08:39:53,651 [INFO] PluginManager:220 - loadIPPluginJar : add fatfs
2025-08-17 08:39:53,654 [INFO] IPUIPlugin:80 - create IPUIPlugin
2025-08-17 08:39:53,654 [INFO] PluginManager:220 - loadIPPluginJar : add fmc
2025-08-17 08:39:53,656 [INFO] IPUIPlugin:80 - create IPUIPlugin
2025-08-17 08:39:53,656 [INFO] PluginManager:220 - loadIPPluginJar : add freertos
2025-08-17 08:39:53,657 [INFO] IPUIPlugin:80 - create IPUIPlugin
2025-08-17 08:39:53,657 [INFO] PluginManager:220 - loadIPPluginJar : add genericplugin
2025-08-17 08:39:53,658 [INFO] IPUIPlugin:80 - create IPUIPlugin
2025-08-17 08:39:53,658 [INFO] PluginManager:220 - loadIPPluginJar : add gfxmmu
2025-08-17 08:39:53,661 [INFO] IPUIPlugin:80 - create IPUIPlugin
2025-08-17 08:39:53,661 [INFO] PluginManager:220 - loadIPPluginJar : add gic
2025-08-17 08:39:53,663 [INFO] IPUIPlugin:80 - create IPUIPlugin
2025-08-17 08:39:53,663 [INFO] PluginManager:220 - loadIPPluginJar : add gpio
2025-08-17 08:39:53,665 [INFO] IPUIPlugin:80 - create IPUIPlugin
2025-08-17 08:39:53,665 [INFO] PluginManager:220 - loadIPPluginJar : add gtzc
2025-08-17 08:39:53,666 [INFO] IPUIPlugin:80 - create IPUIPlugin
2025-08-17 08:39:53,666 [INFO] PluginManager:220 - loadIPPluginJar : add hash
2025-08-17 08:39:53,668 [INFO] IPUIPlugin:80 - create IPUIPlugin
2025-08-17 08:39:53,668 [INFO] PluginManager:220 - loadIPPluginJar : add i2c
2025-08-17 08:39:53,669 [INFO] IPUIPlugin:80 - create IPUIPlugin
2025-08-17 08:39:53,670 [INFO] PluginManager:220 - loadIPPluginJar : add i2s
2025-08-17 08:39:53,671 [INFO] IPUIPlugin:80 - create IPUIPlugin
2025-08-17 08:39:53,671 [INFO] PluginManager:220 - loadIPPluginJar : add i3c
2025-08-17 08:39:53,673 [INFO] IPUIPlugin:80 - create IPUIPlugin
2025-08-17 08:39:53,673 [INFO] PluginManager:220 - loadIPPluginJar : add ipddr
2025-08-17 08:39:53,677 [INFO] IPUIPlugin:80 - create IPUIPlugin
2025-08-17 08:39:53,677 [INFO] PluginManager:220 - loadIPPluginJar : add linkedlist
2025-08-17 08:39:53,679 [INFO] IPUIPlugin:80 - create IPUIPlugin
2025-08-17 08:39:53,679 [INFO] PluginManager:220 - loadIPPluginJar : add lorawan
2025-08-17 08:39:53,680 [INFO] IPUIPlugin:80 - create IPUIPlugin
2025-08-17 08:39:53,680 [INFO] PluginManager:220 - loadIPPluginJar : add ltdc
2025-08-17 08:39:53,683 [INFO] IPUIPlugin:80 - create IPUIPlugin
2025-08-17 08:39:53,684 [INFO] PluginManager:220 - loadIPPluginJar : add mdma
2025-08-17 08:39:53,685 [INFO] IPUIPlugin:80 - create IPUIPlugin
2025-08-17 08:39:53,686 [INFO] PluginManager:220 - loadIPPluginJar : add nvic
2025-08-17 08:39:53,687 [INFO] IPUIPlugin:80 - create IPUIPlugin
2025-08-17 08:39:53,687 [INFO] PluginManager:220 - loadIPPluginJar : add opamp
2025-08-17 08:39:53,688 [INFO] IPUIPlugin:80 - create IPUIPlugin
2025-08-17 08:39:53,689 [INFO] PluginManager:220 - loadIPPluginJar : add openamp
2025-08-17 08:39:53,690 [INFO] IPUIPlugin:80 - create IPUIPlugin
2025-08-17 08:39:53,690 [INFO] PluginManager:220 - loadIPPluginJar : add pdm2pcm
2025-08-17 08:39:53,693 [INFO] IPUIPlugin:80 - create IPUIPlugin
2025-08-17 08:39:53,695 [INFO] PluginManager:220 - loadIPPluginJar : add plateformsettings
2025-08-17 08:39:53,696 [INFO] IPUIPlugin:80 - create IPUIPlugin
2025-08-17 08:39:53,696 [INFO] PluginManager:220 - loadIPPluginJar : add quadspi
2025-08-17 08:39:53,697 [INFO] IPUIPlugin:80 - create IPUIPlugin
2025-08-17 08:39:53,698 [INFO] PluginManager:220 - loadIPPluginJar : add radio
2025-08-17 08:39:53,699 [INFO] IPUIPlugin:80 - create IPUIPlugin
2025-08-17 08:39:53,699 [INFO] PluginManager:220 - loadIPPluginJar : add resmgrutility
2025-08-17 08:39:53,701 [INFO] IPUIPlugin:80 - create IPUIPlugin
2025-08-17 08:39:53,701 [INFO] PluginManager:220 - loadIPPluginJar : add sai
2025-08-17 08:39:53,703 [INFO] IPUIPlugin:80 - create IPUIPlugin
2025-08-17 08:39:53,703 [INFO] PluginManager:220 - loadIPPluginJar : add spi
2025-08-17 08:39:53,705 [INFO] IPUIPlugin:80 - create IPUIPlugin
2025-08-17 08:39:53,706 [INFO] PluginManager:220 - loadIPPluginJar : add stm32_wpan
2025-08-17 08:39:53,706 [INFO] IPUIPlugin:80 - create IPUIPlugin
2025-08-17 08:39:53,707 [INFO] PluginManager:220 - loadIPPluginJar : add tim
2025-08-17 08:39:53,708 [INFO] IPUIPlugin:80 - create IPUIPlugin
2025-08-17 08:39:53,708 [INFO] PluginManager:220 - loadIPPluginJar : add touchsensing
2025-08-17 08:39:53,709 [INFO] IPUIPlugin:80 - create IPUIPlugin
2025-08-17 08:39:53,709 [INFO] PluginManager:220 - loadIPPluginJar : add tracer_emb
2025-08-17 08:39:53,710 [INFO] IPUIPlugin:80 - create IPUIPlugin
2025-08-17 08:39:53,710 [INFO] PluginManager:220 - loadIPPluginJar : add ts
2025-08-17 08:39:53,711 [INFO] IPUIPlugin:80 - create IPUIPlugin
2025-08-17 08:39:53,711 [INFO] PluginManager:220 - loadIPPluginJar : add tsc
2025-08-17 08:39:53,712 [INFO] IPUIPlugin:80 - create IPUIPlugin
2025-08-17 08:39:53,712 [INFO] PluginManager:220 - loadIPPluginJar : add ucpd
2025-08-17 08:39:53,714 [INFO] IPUIPlugin:80 - create IPUIPlugin
2025-08-17 08:39:53,714 [INFO] PluginManager:220 - loadIPPluginJar : add usart
2025-08-17 08:39:53,715 [INFO] IPUIPlugin:80 - create IPUIPlugin
2025-08-17 08:39:53,715 [INFO] PluginManager:220 - loadIPPluginJar : add usbx
2025-08-17 08:39:53,824 [FATAL] Updater:351 - Updater called before beeing initialized
2025-08-17 08:39:53,839 [INFO] RulesReader:64 - Compatibility file has been processed (297 Rules)
2025-08-17 08:39:53,846 [INFO] RulesReader:64 - Compatibility file has been processed (297 Rules)
2025-08-17 08:39:53,850 [INFO] CADModel:165 - CPN selected for project level
2025-08-17 08:39:53,850 [INFO] CADModel:114 - Register for checkConnection events
2025-08-17 08:39:53,850 [FATAL] Updater:351 - Updater called before beeing initialized
2025-08-17 08:39:53,850 [ERROR] CADModel:125 - Updater not yet initialized, retry later 
2025-08-17 08:39:53,933 [FATAL] Updater:351 - Updater called before beeing initialized
2025-08-17 08:39:53,934 [INFO] CADModel:165 - CPN selected for project level
2025-08-17 08:39:53,934 [INFO] CADModel:114 - Register for checkConnection events
2025-08-17 08:39:53,934 [FATAL] Updater:351 - Updater called before beeing initialized
2025-08-17 08:39:53,934 [ERROR] CADModel:125 - Updater not yet initialized, retry later 
2025-08-17 08:39:53,936 [FATAL] Updater:351 - Updater called before beeing initialized
2025-08-17 08:39:54,022 [FATAL] Updater:351 - Updater called before beeing initialized
2025-08-17 08:39:54,025 [INFO] DbMcusAds:53 - JSON generation date=Tue Jul 08 16:14:23 CST 2025 (1751962463582)
2025-08-17 08:39:54,025 [FATAL] Updater:351 - Updater called before beeing initialized
2025-08-17 08:39:54,052 [WARN] DetailPanel:346 - Failed to get advertising image, set to default
2025-08-17 08:39:54,245 [FATAL] Updater:351 - Updater called before beeing initialized
2025-08-17 08:39:54,246 [FATAL] Updater:351 - Updater called before beeing initialized
2025-08-17 08:39:54,246 [FATAL] Updater:351 - Updater called before beeing initialized
2025-08-17 08:39:54,246 [WARN] DetailPanel:346 - Failed to get advertising image, set to default
2025-08-17 08:39:54,246 [FATAL] Updater:351 - Updater called before beeing initialized
2025-08-17 08:39:54,290 [ERROR] Updater:1198 - MainUpdater not yet initialized. External WinMGr cannot be set.
2025-08-17 08:39:54,291 [INFO] Updater:1134 - Updater Version found : 6.13.0
2025-08-17 08:39:54,302 [INFO] ApplicationProperties:184 - Using Application install path: C:\Program Files\STM32CubeIDE_1.17.0\STM32CubeIDE\plugins\com.st.stm32cube.common.mx_6.13.0.202411220809
2025-08-17 08:39:54,578 [INFO] MainUpdater:2872 - connection check result : 10
2025-08-17 08:39:54,579 [INFO] MainUpdater:289 - Updater Check For Update Now.
2025-08-17 08:39:54,579 [INFO] MicroXplorer:498 - Change Database Version : DB.6.0.130
2025-08-17 08:39:54,585 [INFO] McuFinderGlobals:63 - Set McuFinder mode to 2 (CubeIDE integrated)
2025-08-17 08:39:54,585 [INFO] UserAuth:486 - Internet connection configuration mode: 1
2025-08-17 08:39:54,601 [INFO] JxBrowserEngine:152 - Initiate JxBrowser Engine with user profile folder
2025-08-17 08:39:54,742 [INFO] CheckServerUpdateThread:120 - End of CheckServer Thread
2025-08-17 08:39:55,011 [INFO] WebApp:168 - Instantiating new browser for Auth
2025-08-17 08:39:55,425 [INFO] WebApp:449 - Apply proxy settings
2025-08-17 08:39:55,425 [INFO] WebApp:534 - Chromium requires no authentication
2025-08-17 08:39:55,430 [INFO] WebApp:477 - Direct internet connection detected
2025-08-17 08:39:55,461 [INFO] WebApp:880 - Register for checkConnection events
2025-08-17 08:39:55,461 [INFO] WebApp:449 - Apply proxy settings
2025-08-17 08:39:55,461 [INFO] WebApp:534 - Chromium requires no authentication
2025-08-17 08:39:55,461 [INFO] WebApp:477 - Direct internet connection detected
2025-08-17 08:39:55,550 [INFO] WebApp:221 - Starting web application
2025-08-17 08:39:55,551 [INFO] WebApp:579 - Web application path used C:\Program Files\STM32CubeIDE_1.17.0\STM32CubeIDE\plugins\com.st.stm32cube.common.mx_6.13.0.202411220809\db\plugins\mcufinder\reactClient1\index.html
2025-08-17 08:39:55,606 [INFO] UserAuth:486 - Internet connection configuration mode: 1
2025-08-17 08:39:56,427 [WARN] PackLoader:240 - Cannot read IP mode file for STMicroelectronics.FP-SNS-MOTENVWB1.1.4.0
2025-08-17 08:39:56,434 [WARN] PackLoader:240 - Cannot read IP mode file for STMicroelectronics.FP-ATR-ASTRA1.2.0.2
2025-08-17 08:39:56,437 [WARN] PackLoader:240 - Cannot read IP mode file for STMicroelectronics.FP-ATR-ASTRA1.2.0.1
2025-08-17 08:39:56,444 [WARN] PackLoader:240 - Cannot read IP mode file for STMicroelectronics.X-CUBE-SMBUS.2.1.0
2025-08-17 08:39:56,452 [WARN] PackLoader:240 - Cannot read IP mode file for STMicroelectronics.X-CUBE-WB05N.1.1.0
2025-08-17 08:39:56,457 [WARN] PackLoader:240 - Cannot read IP mode file for STMicroelectronics.X-CUBE-ST60.1.0.0
2025-08-17 08:39:56,480 [WARN] PackLoader:240 - Cannot read IP mode file for STMicroelectronics.X-CUBE-AZRTOS-F7.1.1.0
2025-08-17 08:39:56,486 [WARN] PackLoader:240 - Cannot read IP mode file for STMicroelectronics.FP-SNS-FLIGHT1.5.0.2
2025-08-17 08:39:56,505 [WARN] PackLoader:240 - Cannot read IP mode file for Infineon.AIROC-Wi-Fi-Bluetooth-STM32.1.7.0
2025-08-17 08:39:56,537 [WARN] PackLoader:240 - Cannot read IP mode file for STMicroelectronics.X-CUBE-AZRTOS-H7.3.4.0
2025-08-17 08:39:56,546 [WARN] PackLoader:240 - Cannot read IP mode file for STMicroelectronics.X-CUBE-DISPLAY.3.0.0
2025-08-17 08:39:56,552 [WARN] PackLoader:240 - Cannot read IP mode file for STMicroelectronics.X-CUBE-BLE1.7.0.0
2025-08-17 08:39:56,558 [WARN] PackLoader:240 - Cannot read IP mode file for STMicroelectronics.X-CUBE-NFC10.1.0.0
2025-08-17 08:39:56,565 [WARN] PackLoader:240 - Cannot read IP mode file for STMicroelectronics.X-CUBE-BLEMGR.4.0.0
2025-08-17 08:39:56,572 [WARN] PackLoader:240 - Cannot read IP mode file for emotas.I-CUBE-CANOPEN.1.3.0
2025-08-17 08:39:56,576 [WARN] PackLoader:240 - Cannot read IP mode file for STMicroelectronics.X-CUBE-AI.10.0.0
2025-08-17 08:39:56,579 [ERROR] Engine:466 - C:\Users\Administrator\.stm32cubemx\thirdparties\pdsc\STMicroelectronics.FP-SNS-STBOX1.2.1.0.pdsc: PDSC version is not supported
2025-08-17 08:39:56,583 [WARN] PackLoader:240 - Cannot read IP mode file for STMicroelectronics.FP-SNS-SMARTAG2.1.2.0
2025-08-17 08:39:56,585 [WARN] PackLoader:240 - Cannot read IP mode file for STMicroelectronics.FP-SNS-FLIGHT1.5.1.0
2025-08-17 08:39:56,615 [WARN] PackLoader:240 - Cannot read IP mode file for STMicroelectronics.X-CUBE-MEMS1.11.1.0
2025-08-17 08:39:56,734 [INFO] LogOutputStream:77 - [STDOUT_REDIRECT] 1 : Invalid condition id : UX_CORESTACK_Condition cause : null
2025-08-17 08:39:56,735 [INFO] LogOutputStream:77 - [STDOUT_REDIRECT] 1 : Invalid condition id : UX_CORESTACK_Condition cause : null
2025-08-17 08:39:56,736 [INFO] LogOutputStream:77 - [STDOUT_REDIRECT] 1 : Invalid condition id : UX_CORESTACK_Condition cause : null
2025-08-17 08:39:56,737 [INFO] LogOutputStream:77 - [STDOUT_REDIRECT] 1 : Invalid condition id : UX_CORESTACK_Condition cause : null
2025-08-17 08:39:56,738 [INFO] LogOutputStream:77 - [STDOUT_REDIRECT] 1 : Invalid condition id : UX_CORESTACK_Condition cause : null
2025-08-17 08:39:56,740 [WARN] PackLoader:240 - Cannot read IP mode file for STMicroelectronics.X-CUBE-AZRTOS-WL.2.0.0
2025-08-17 08:39:56,747 [WARN] PackLoader:240 - Cannot read IP mode file for STMicroelectronics.FP-SNS-MOTENV1.5.0.0
2025-08-17 08:39:56,752 [WARN] PackLoader:240 - Cannot read IP mode file for wolfSSL.I-CUBE-wolfMQTT.1.19.0
2025-08-17 08:39:56,757 [WARN] PackLoader:240 - Cannot read IP mode file for STMicroelectronics.X-CUBE-BLE2.3.3.0
2025-08-17 08:39:56,763 [WARN] PackLoader:240 - Cannot read IP mode file for STMicroelectronics.X-CUBE-NFC9.1.0.0
2025-08-17 08:39:56,768 [WARN] PackLoader:240 - Cannot read IP mode file for STMicroelectronics.X-CUBE-BLE1.7.1.0
2025-08-17 08:39:56,774 [WARN] PackLoader:240 - Cannot read IP mode file for STMicroelectronics.X-CUBE-EEPRMA1.5.2.0
2025-08-17 08:39:56,795 [WARN] PackLoader:240 - Cannot read IP mode file for STMicroelectronics.X-CUBE-AI.10.1.0
2025-08-17 08:39:56,837 [WARN] PackLoader:240 - Cannot read IP mode file for STMicroelectronics.X-CUBE-MEMS1.11.2.0
2025-08-17 08:39:56,928 [WARN] PackLoader:240 - Cannot read IP mode file for STMicroelectronics.X-CUBE-AZRTOS-G0.1.1.0
2025-08-17 08:39:56,933 [WARN] PackLoader:240 - Cannot read IP mode file for STMicroelectronics.X-CUBE-SAFEA1.1.2.2
2025-08-17 08:39:56,937 [WARN] PackLoader:240 - Cannot read IP mode file for STMicroelectronics.X-CUBE-NFC4.3.0.0
2025-08-17 08:39:56,943 [WARN] PackLoader:240 - Cannot read IP mode file for EmbeddedOffice.I-CUBE-FS-RTOS.1.0.1
2025-08-17 08:39:56,947 [WARN] PackLoader:240 - Cannot read IP mode file for STMicroelectronics.X-CUBE-WB05N.2.0.0
2025-08-17 08:39:56,952 [WARN] PackLoader:240 - Cannot read IP mode file for STMicroelectronics.X-CUBE-TCPP.4.2.0
2025-08-17 08:39:56,956 [WARN] PackLoader:240 - Cannot read IP mode file for RealThread.X-CUBE-RT-Thread_Nano.4.1.1
2025-08-17 08:39:56,960 [WARN] PackLoader:240 - Cannot read IP mode file for STMicroelectronics.FP-ATR-SIGFOX1.3.2.0
2025-08-17 08:39:56,963 [WARN] ConditionMgr:438 - getConditionDescription Invalid condition id : Cortex-A Device cause : null
2025-08-17 08:39:56,972 [WARN] ConditionMgr:1044 - genDependencies : Invalid condition id : Cortex-A Device cause : null
2025-08-17 08:39:56,972 [WARN] ConditionMgr:1044 - genDependencies : Invalid condition id : Cortex-A Device cause : null
2025-08-17 08:39:56,973 [WARN] ConditionMgr:1044 - genDependencies : Invalid condition id : Cortex-A Device cause : null
2025-08-17 08:39:56,976 [WARN] PackLoader:240 - Cannot read IP mode file for STMicroelectronics.X-CUBE-EEPRMA1.5.1.0
2025-08-17 08:39:56,980 [WARN] PackLoader:240 - Cannot read IP mode file for wolfSSL.I-CUBE-wolfSSL.5.7.6
2025-08-17 08:39:56,984 [WARN] PackLoader:240 - Cannot read IP mode file for ITTIA_DB.I-CUBE-ITTIADB.8.9.0
2025-08-17 08:39:56,989 [WARN] PackLoader:240 - Cannot read IP mode file for STMicroelectronics.X-CUBE-ST67W61.1.0.0
2025-08-17 08:39:56,993 [WARN] PackLoader:240 - Cannot read IP mode file for STMicroelectronics.X-CUBE-AI.10.2.0
2025-08-17 08:39:57,009 [WARN] PackLoader:240 - Cannot read IP mode file for SEGGER.I-CUBE-embOS.1.3.1
2025-08-17 08:39:57,032 [WARN] PackLoader:240 - Cannot read IP mode file for STMicroelectronics.X-CUBE-ALGOBUILD.1.4.0
2025-08-17 08:39:57,063 [WARN] PackLoader:240 - Cannot read IP mode file for STMicroelectronics.X-CUBE-MEMS1.11.3.0
2025-08-17 08:39:57,133 [WARN] PackLoader:240 - Cannot read IP mode file for STMicroelectronics.X-CUBE-PM33A1.1.0.0
2025-08-17 08:39:57,142 [WARN] PackLoader:240 - Cannot read IP mode file for STMicroelectronics.X-CUBE-AZRTOS-F4.1.1.0
2025-08-17 08:39:57,147 [WARN] PackLoader:240 - Cannot read IP mode file for STMicroelectronics.X-CUBE-ISPU.2.1.0
2025-08-17 08:39:57,151 [WARN] PackLoader:240 - Cannot read IP mode file for STMicroelectronics.X-CUBE-NFC12.1.0.0
2025-08-17 08:39:57,167 [WARN] PackLoader:240 - Cannot read IP mode file for STMicroelectronics.X-CUBE-AZRTOS-L5.2.0.0
2025-08-17 08:39:57,225 [WARN] PackLoader:240 - Cannot read IP mode file for STMicroelectronics.X-CUBE-NFC6.3.1.0
2025-08-17 08:39:57,232 [WARN] PackLoader:240 - Cannot read IP mode file for STMicroelectronics.X-CUBE-DPower.1.2.0
2025-08-17 08:39:57,237 [WARN] PackLoader:240 - Cannot read IP mode file for STMicroelectronics.X-CUBE-FREERTOS.1.3.1
2025-08-17 08:39:57,242 [WARN] PackLoader:240 - Cannot read IP mode file for STMicroelectronics.X-CUBE-FREERTOS.1.3.0
2025-08-17 08:39:57,250 [WARN] PackLoader:240 - Cannot read IP mode file for STMicroelectronics.X-CUBE-NFC7.1.0.1
2025-08-17 08:39:57,259 [WARN] PackLoader:240 - Cannot read IP mode file for STMicroelectronics.FP-SNS-STAIOTCFT.1.0.0
2025-08-17 08:39:57,263 [WARN] PackLoader:240 - Cannot read IP mode file for STMicroelectronics.X-CUBE-DPower.1.3.0
2025-08-17 08:39:57,277 [WARN] ConditionMgr:438 - getConditionDescription Invalid condition id : LAN8742 Phy interface Condition cause : null
2025-08-17 08:39:57,278 [WARN] PackLoader:240 - Cannot read IP mode file for STMicroelectronics.X-CUBE-AZRTOS-L4.2.0.0
2025-08-17 08:39:57,279 [WARN] ConditionMgr:1044 - genDependencies : Invalid condition id : LAN8742 Phy interface Condition cause : null
2025-08-17 08:39:57,279 [WARN] ConditionMgr:1044 - genDependencies : Invalid condition id : LAN8742 Phy interface Condition cause : null
2025-08-17 08:39:57,279 [WARN] ConditionMgr:1044 - genDependencies : Invalid condition id : LAN8742 Phy interface Condition cause : null
2025-08-17 08:39:57,285 [WARN] PackLoader:240 - Cannot read IP mode file for STMicroelectronics.X-CUBE-SFXS2LP1.4.0.0
2025-08-17 08:39:57,297 [WARN] PackLoader:240 - Cannot read IP mode file for STMicroelectronics.X-CUBE-AZRTOS-H7.3.3.0
2025-08-17 08:39:57,307 [WARN] PackLoader:240 - Cannot read IP mode file for STMicroelectronics.X-CUBE-BLEMGR.4.1.0
2025-08-17 08:39:57,317 [WARN] ConditionMgr:438 - getConditionDescription Invalid condition id : UX DEVICE CLASS RTOS Condition cause : null
2025-08-17 08:39:57,318 [WARN] ConditionMgr:438 - getConditionDescription Invalid condition id : UX DEVICE CLASS RTOS Condition cause : null
2025-08-17 08:39:57,319 [WARN] PackLoader:240 - Cannot read IP mode file for STMicroelectronics.X-CUBE-AZRTOS-WB.2.0.0
2025-08-17 08:39:57,319 [WARN] ConditionMgr:1044 - genDependencies : Invalid condition id : UX DEVICE CLASS RTOS Condition cause : null
2025-08-17 08:39:57,320 [WARN] ConditionMgr:1044 - genDependencies : Invalid condition id : UX DEVICE CLASS RTOS Condition cause : null
2025-08-17 08:39:57,320 [WARN] ConditionMgr:1044 - genDependencies : Invalid condition id : UX DEVICE CLASS RTOS Condition cause : null
2025-08-17 08:39:57,320 [WARN] ConditionMgr:1044 - genDependencies : Invalid condition id : UX DEVICE CLASS RTOS Condition cause : null
2025-08-17 08:39:57,321 [WARN] ConditionMgr:1044 - genDependencies : Invalid condition id : UX DEVICE CLASS RTOS Condition cause : null
2025-08-17 08:39:57,325 [WARN] PackLoader:240 - Cannot read IP mode file for STMicroelectronics.X-CUBE-GNSS1.7.0.1
2025-08-17 08:39:57,329 [WARN] PackLoader:240 - Cannot read IP mode file for STMicroelectronics.X-CUBE-TOUCHGFX.4.25.0
2025-08-17 08:39:57,334 [WARN] PackLoader:240 - Cannot read IP mode file for STMicroelectronics.FP-SNS-STBOX1.2.0.0
2025-08-17 08:39:57,344 [WARN] PackLoader:240 - Cannot read IP mode file for STMicroelectronics.X-CUBE-SUBG2.5.0.0
2025-08-17 08:39:57,358 [WARN] PackLoader:240 - Cannot read IP mode file for STMicroelectronics.X-CUBE-AZRTOS-H7RS.1.1.0
2025-08-17 08:39:57,363 [WARN] PackLoader:240 - Cannot read IP mode file for Cesanta.I-CUBE-Mongoose.7.13.0
2025-08-17 08:39:57,372 [WARN] PackLoader:240 - Cannot read IP mode file for STMicroelectronics.X-CUBE-AZRTOS-G4.2.0.0
2025-08-17 08:39:57,377 [WARN] PackLoader:240 - Cannot read IP mode file for STMicroelectronics.X-CUBE-NFC7.2.0.0
2025-08-17 08:39:57,385 [WARN] PackLoader:240 - Cannot read IP mode file for STMicroelectronics.X-CUBE-IPS.3.1.0
2025-08-17 08:39:57,392 [WARN] PackLoader:240 - Cannot read IP mode file for STMicroelectronics.X-CUBE-ALS.1.0.2
2025-08-17 08:39:57,394 [WARN] PackLoader:240 - Cannot read IP mode file for STMicroelectronics.X-CUBE-TOUCHGFX.4.24.2
2025-08-17 08:39:57,398 [WARN] PackLoader:240 - Cannot read IP mode file for wolfSSL.I-CUBE-wolfTPM.3.4.0
2025-08-17 08:39:57,402 [WARN] PackLoader:240 - Cannot read IP mode file for portGmbH.I-Cube-SoM-uGOAL.1.1.0
2025-08-17 08:39:57,415 [WARN] PackLoader:240 - Cannot read IP mode file for STMicroelectronics.X-CUBE-AZRTOS-H7RS.1.0.0
2025-08-17 08:39:57,423 [WARN] PackLoader:240 - Cannot read IP mode file for STMicroelectronics.X-CUBE-TOF1.3.4.2
2025-08-17 08:39:57,433 [WARN] PackLoader:240 - Cannot read IP mode file for STMicroelectronics.X-CUBE-TOF1.3.4.3
2025-08-17 08:39:57,444 [WARN] PackLoader:240 - Cannot read IP mode file for wolfSSL.I-CUBE-wolfSSH.1.4.17
2025-08-17 08:39:57,444 [INFO] ThirdParty:978 - Integrity check success = true
2025-08-17 08:39:57,445 [INFO] IntegrityCheckThread:100 - exiting critical section [integrity check]
2025-08-17 08:39:57,445 [INFO] IntegrityCheckThread:103 - End integrity checks thread
