2025-08-17 08:42:42,083 [INFO] Activator:176 - 


2025-08-17 08:42:42,086 [INFO] Activator:177 - !SESSION log4j initialized
2025-08-17 08:42:46,165 [INFO] LogOutputStream:77 - [STDOUT_REDIRECT] 
2025-08-17 08:42:48,201 [INFO] ApplicationProperties:184 - Using Application install path: C:\Program Files\STM32CubeIDE_1.17.0\STM32CubeIDE\plugins\com.st.stm32cube.common.mx_6.13.0.202411220809
2025-08-17 08:42:48,212 [INFO] DbMcusXml:78 - Set database path to: C:\Program Files\STM32CubeIDE_1.17.0\STM32CubeIDE\plugins\com.st.stm32cube.common.mx_6.13.0.202411220809\\db\/mcu/
2025-08-17 08:42:48,212 [INFO] ApiDb:274 - Set plugin database path to: C:\Program Files\STM32CubeIDE_1.17.0\STM32CubeIDE\plugins\com.st.stm32cube.common.mx_6.13.0.202411220809\\db\/plugins/boardmanager/
2025-08-17 08:42:48,218 [WARN] ApiDb:259 - Overriding images path with different value:  => C:\Program Files\STM32CubeIDE_1.17.0\STM32CubeIDE\plugins\com.st.stm32cube.common.mx_6.13.0.202411220809\\db\/plugins/mcufinder/images/
2025-08-17 08:42:48,221 [INFO] ApiDb:250 - Set database path to: C:\Users\Administrator\.stmcufinder\plugins\mcufinder//mcu/
2025-08-17 08:42:48,222 [INFO] DbMcusAds:125 - Set database path to: C:\Users\Administrator\.stmcufinder\plugins\mcufinder//mcu/
2025-08-17 08:42:48,223 [INFO] CrossReferenceDbSqlite:203 - Set database path to: C:\Users\Administrator\.stmcufinder\plugins\mcufinder//mcu/cs/
2025-08-17 08:42:48,300 [INFO] RulesReader:64 - Compatibility file has been processed (297 Rules)
2025-08-17 08:42:48,353 [INFO] DbMcusXml:78 - Set database path to: C:\Program Files\STM32CubeIDE_1.17.0\STM32CubeIDE\plugins\com.st.stm32cube.common.mx_6.13.0.202411220809\\db\/mcu/
2025-08-17 08:42:48,353 [INFO] ApiDb:274 - Set plugin database path to: C:\Program Files\STM32CubeIDE_1.17.0\STM32CubeIDE\plugins\com.st.stm32cube.common.mx_6.13.0.202411220809\\db\/plugins/boardmanager/
2025-08-17 08:42:48,353 [INFO] ApiDb:261 - Set plugin images path to: C:\Program Files\STM32CubeIDE_1.17.0\STM32CubeIDE\plugins\com.st.stm32cube.common.mx_6.13.0.202411220809\\db\/plugins/mcufinder/images/
2025-08-17 08:42:48,353 [WARN] DbFile:41 - Overriding database path with different value: C:\Users\Administrator\.stmcufinder\plugins\mcufinder/ => C:\Users\Administrator\.stmcufinder\plugins\mcufinder
2025-08-17 08:42:48,353 [INFO] ApiDb:250 - Set database path to: C:\Users\Administrator\.stmcufinder\plugins\mcufinder//mcu/
2025-08-17 08:42:48,353 [WARN] DbFile:41 - Overriding database path with different value: C:\Users\Administrator\.stmcufinder\plugins\mcufinder/ => C:\Users\Administrator\.stmcufinder\plugins\mcufinder
2025-08-17 08:42:48,353 [INFO] DbMcusAds:125 - Set database path to: C:\Users\Administrator\.stmcufinder\plugins\mcufinder//mcu/
2025-08-17 08:42:48,353 [WARN] DbFile:41 - Overriding database path with different value: C:\Users\Administrator\.stmcufinder\plugins\mcufinder/ => C:\Users\Administrator\.stmcufinder\plugins\mcufinder
2025-08-17 08:42:48,354 [WARN] DbFile:41 - Overriding database path with different value: C:\Users\Administrator\.stmcufinder\plugins\mcufinder/ => C:\Users\Administrator\.stmcufinder\plugins\mcufinder
2025-08-17 08:42:48,354 [INFO] CrossReferenceDbSqlite:203 - Set database path to: C:\Users\Administrator\.stmcufinder\plugins\mcufinder//mcu/cs/
2025-08-17 08:42:48,404 [INFO] MainPanel:272 - HeapMemory: 268435456
2025-08-17 08:42:48,457 [INFO] DbMcusXml:78 - Set database path to: C:\Program Files\STM32CubeIDE_1.17.0\STM32CubeIDE\plugins\com.st.stm32cube.common.mx_6.13.0.202411220809\\db\/mcu/
2025-08-17 08:42:48,457 [INFO] ApiDb:274 - Set plugin database path to: C:\Program Files\STM32CubeIDE_1.17.0\STM32CubeIDE\plugins\com.st.stm32cube.common.mx_6.13.0.202411220809\\db\/plugins/boardmanager/
2025-08-17 08:42:48,457 [INFO] ApiDb:261 - Set plugin images path to: C:\Program Files\STM32CubeIDE_1.17.0\STM32CubeIDE\plugins\com.st.stm32cube.common.mx_6.13.0.202411220809\\db\/plugins/mcufinder/images/
2025-08-17 08:42:48,457 [WARN] DbFile:41 - Overriding database path with different value: C:\Users\Administrator\.stmcufinder\plugins\mcufinder/ => C:\Users\Administrator\.stmcufinder\plugins\mcufinder
2025-08-17 08:42:48,457 [INFO] ApiDb:250 - Set database path to: C:\Users\Administrator\.stmcufinder\plugins\mcufinder//mcu/
2025-08-17 08:42:48,457 [WARN] DbFile:41 - Overriding database path with different value: C:\Users\Administrator\.stmcufinder\plugins\mcufinder/ => C:\Users\Administrator\.stmcufinder\plugins\mcufinder
2025-08-17 08:42:48,457 [INFO] DbMcusAds:125 - Set database path to: C:\Users\Administrator\.stmcufinder\plugins\mcufinder//mcu/
2025-08-17 08:42:48,457 [WARN] DbFile:41 - Overriding database path with different value: C:\Users\Administrator\.stmcufinder\plugins\mcufinder/ => C:\Users\Administrator\.stmcufinder\plugins\mcufinder
2025-08-17 08:42:48,457 [WARN] DbFile:41 - Overriding database path with different value: C:\Users\Administrator\.stmcufinder\plugins\mcufinder/ => C:\Users\Administrator\.stmcufinder\plugins\mcufinder
2025-08-17 08:42:48,457 [INFO] CrossReferenceDbSqlite:203 - Set database path to: C:\Users\Administrator\.stmcufinder\plugins\mcufinder//mcu/cs/
2025-08-17 08:42:48,470 [INFO] ApplicationProperties:184 - Using Application install path: C:\Program Files\STM32CubeIDE_1.17.0\STM32CubeIDE\plugins\com.st.stm32cube.common.mx_6.13.0.202411220809
2025-08-17 08:42:48,471 [INFO] PluginManage:196 - Search for loadable plugins [exclusion list=, ]
2025-08-17 08:42:48,471 [INFO] PluginManage:310 - Check plugin analytics
2025-08-17 08:42:48,602 [INFO] AnalyticsPlugin:253 - Accepted Software Licenses: STM32CubeMX.6.11.1,STM32CubeMX.6.14.1
2025-08-17 08:42:48,602 [INFO] AnalyticsPlugin:255 - Accepted CMSIS Pack Licenses: 
2025-08-17 08:42:48,603 [INFO] AnalyticsPlugin:257 - Accepted Firmware Licenses: 
2025-08-17 08:42:48,605 [INFO] PluginManage:359 - Loaded plugin analytics (category:tool,tabindex:-1)
2025-08-17 08:42:48,606 [INFO] PluginManage:310 - Check plugin cadmodel
2025-08-17 08:42:48,610 [INFO] CADModel:105 - Init CAD model plugin
2025-08-17 08:42:48,610 [INFO] PluginManage:359 - Loaded plugin cadmodel (category:power,tabindex:5)
2025-08-17 08:42:48,610 [INFO] PluginManage:310 - Check plugin clock
2025-08-17 08:42:48,618 [INFO] PluginManage:359 - Loaded plugin clock (category:base,tabindex:2)
2025-08-17 08:42:48,618 [INFO] PluginManage:310 - Check plugin ddr
2025-08-17 08:42:48,620 [INFO] PluginManage:359 - Loaded plugin ddr (category:tool,tabindex:6)
2025-08-17 08:42:48,620 [INFO] PluginManage:310 - Check plugin filemanager
2025-08-17 08:42:48,726 [INFO] PluginManage:359 - Loaded plugin filemanager (category:base,tabindex:10)
2025-08-17 08:42:48,726 [INFO] PluginManage:310 - Check plugin ipmanager
2025-08-17 08:42:48,732 [INFO] PluginManage:359 - Loaded plugin ipmanager (category:base,tabindex:5)
2025-08-17 08:42:48,732 [INFO] PluginManage:310 - Check plugin lpbam
2025-08-17 08:42:48,737 [INFO] PluginManage:359 - Loaded plugin lpbam (category:base,tabindex:0)
2025-08-17 08:42:48,738 [INFO] PluginManage:310 - Check plugin memorymap
2025-08-17 08:42:48,745 [INFO] PluginManage:359 - Loaded plugin memorymap (category:base,tabindex:4)
2025-08-17 08:42:48,745 [INFO] PluginManage:310 - Check plugin pinoutandconfiguration
2025-08-17 08:42:48,750 [INFO] PluginManage:359 - Loaded plugin pinoutandconfiguration (category:base,tabindex:1)
2025-08-17 08:42:48,750 [INFO] PluginManage:310 - Check plugin pinoutconfig
2025-08-17 08:42:48,817 [WARN] SupportedApi:132 - Cannot load RTOS API schema: s4s-elt-must-match.1: The content of 'definitions' must match (annotation?, (simpleType | complexType)?, (unique | key | keyref)*)). A problem was found starting at: attribute.
2025-08-17 08:42:48,915 [INFO] PluginManage:359 - Loaded plugin pinoutconfig (category:base,tabindex:0)
2025-08-17 08:42:48,916 [INFO] PluginManage:310 - Check plugin power
2025-08-17 08:42:48,923 [INFO] PluginManage:359 - Loaded plugin power (category:power,tabindex:4)
2025-08-17 08:42:48,923 [INFO] PluginManage:310 - Check plugin projectmanager
2025-08-17 08:42:48,936 [INFO] PluginManage:359 - Loaded plugin projectmanager (category:projectmanager,tabindex:4)
2025-08-17 08:42:48,936 [INFO] PluginManage:310 - Check plugin rif
2025-08-17 08:42:48,944 [INFO] PluginManage:359 - Loaded plugin rif (category:base,tabindex:3)
2025-08-17 08:42:48,944 [INFO] PluginManage:310 - Check plugin thirdparty
2025-08-17 08:42:49,043 [WARN] IntegrityCheckThread:84 - waiting for thirdparty lock release [integrity check]
2025-08-17 08:42:49,043 [INFO] IntegrityCheckThread:86 - entering critical section [integrity check]
2025-08-17 08:42:49,044 [INFO] ThirdPartyUpdaterWithRetryManager:70 - Updater plugin not ready yet. [1/15]
2025-08-17 08:42:49,044 [INFO] PluginManage:359 - Loaded plugin thirdparty (category:base,tabindex:-1)
2025-08-17 08:42:49,044 [INFO] PluginManage:310 - Check plugin tools
2025-08-17 08:42:49,047 [INFO] PluginManage:359 - Loaded plugin tools (category:base,tabindex:7)
2025-08-17 08:42:49,047 [INFO] PluginManage:310 - Check plugin tutovideos
2025-08-17 08:42:49,160 [INFO] PluginManage:359 - Loaded plugin tutovideos (category:base,tabindex:-1)
2025-08-17 08:42:49,161 [INFO] PluginManage:310 - Check plugin updater
2025-08-17 08:42:49,179 [INFO] PluginManage:359 - Loaded plugin updater (category:base,tabindex:12)
2025-08-17 08:42:49,180 [INFO] PluginManage:310 - Check plugin userauth
2025-08-17 08:42:49,184 [INFO] UserAuth:118 - Init User Auth plugin
2025-08-17 08:42:49,186 [INFO] PluginManage:359 - Loaded plugin userauth (category:base,tabindex:14)
2025-08-17 08:42:49,186 [INFO] PluginManage:283 - PluginManage : Loaded plugins [18]
2025-08-17 08:42:49,377 [INFO] PinOutPanel:1589 - setPackage(No Configuration,No Configuration)
2025-08-17 08:42:49,438 [INFO] CADModel:165 - CPN selected for project level
2025-08-17 08:42:49,438 [INFO] CADModel:114 - Register for checkConnection events
2025-08-17 08:42:49,450 [INFO] IPUIPlugin:80 - create IPUIPlugin
2025-08-17 08:42:49,450 [INFO] PluginManager:220 - loadIPPluginJar : add adc
2025-08-17 08:42:49,452 [INFO] IPUIPlugin:80 - create IPUIPlugin
2025-08-17 08:42:49,452 [INFO] PluginManager:220 - loadIPPluginJar : add aes
2025-08-17 08:42:49,453 [INFO] IPUIPlugin:80 - create IPUIPlugin
2025-08-17 08:42:49,454 [INFO] PluginManager:220 - loadIPPluginJar : add can
2025-08-17 08:42:49,455 [INFO] IPUIPlugin:80 - create IPUIPlugin
2025-08-17 08:42:49,455 [INFO] PluginManager:220 - loadIPPluginJar : add comp
2025-08-17 08:42:49,456 [INFO] IPUIPlugin:80 - create IPUIPlugin
2025-08-17 08:42:49,456 [INFO] PluginManager:220 - loadIPPluginJar : add cryp
2025-08-17 08:42:49,458 [INFO] IPUIPlugin:80 - create IPUIPlugin
2025-08-17 08:42:49,458 [INFO] PluginManager:220 - loadIPPluginJar : add ddr_ctrl_phy
2025-08-17 08:42:49,459 [INFO] IPUIPlugin:80 - create IPUIPlugin
2025-08-17 08:42:49,459 [INFO] PluginManager:220 - loadIPPluginJar : add dfsdm
2025-08-17 08:42:49,464 [INFO] IPUIPlugin:80 - create IPUIPlugin
2025-08-17 08:42:49,464 [INFO] PluginManager:220 - loadIPPluginJar : add dma
2025-08-17 08:42:49,466 [INFO] IPUIPlugin:80 - create IPUIPlugin
2025-08-17 08:42:49,466 [INFO] PluginManager:220 - loadIPPluginJar : add dma3
2025-08-17 08:42:49,468 [INFO] IPUIPlugin:80 - create IPUIPlugin
2025-08-17 08:42:49,468 [INFO] PluginManager:220 - loadIPPluginJar : add extmemmanager
2025-08-17 08:42:49,469 [INFO] IPUIPlugin:80 - create IPUIPlugin
2025-08-17 08:42:49,469 [INFO] PluginManager:220 - loadIPPluginJar : add fatfs
2025-08-17 08:42:49,472 [INFO] IPUIPlugin:80 - create IPUIPlugin
2025-08-17 08:42:49,472 [INFO] PluginManager:220 - loadIPPluginJar : add fmc
2025-08-17 08:42:49,475 [INFO] IPUIPlugin:80 - create IPUIPlugin
2025-08-17 08:42:49,475 [INFO] PluginManager:220 - loadIPPluginJar : add freertos
2025-08-17 08:42:49,476 [INFO] IPUIPlugin:80 - create IPUIPlugin
2025-08-17 08:42:49,476 [INFO] PluginManager:220 - loadIPPluginJar : add genericplugin
2025-08-17 08:42:49,478 [INFO] IPUIPlugin:80 - create IPUIPlugin
2025-08-17 08:42:49,478 [INFO] PluginManager:220 - loadIPPluginJar : add gfxmmu
2025-08-17 08:42:49,483 [INFO] IPUIPlugin:80 - create IPUIPlugin
2025-08-17 08:42:49,483 [INFO] PluginManager:220 - loadIPPluginJar : add gic
2025-08-17 08:42:49,486 [INFO] IPUIPlugin:80 - create IPUIPlugin
2025-08-17 08:42:49,486 [INFO] PluginManager:220 - loadIPPluginJar : add gpio
2025-08-17 08:42:49,488 [INFO] IPUIPlugin:80 - create IPUIPlugin
2025-08-17 08:42:49,488 [INFO] PluginManager:220 - loadIPPluginJar : add gtzc
2025-08-17 08:42:49,490 [INFO] IPUIPlugin:80 - create IPUIPlugin
2025-08-17 08:42:49,490 [INFO] PluginManager:220 - loadIPPluginJar : add hash
2025-08-17 08:42:49,491 [INFO] IPUIPlugin:80 - create IPUIPlugin
2025-08-17 08:42:49,491 [INFO] PluginManager:220 - loadIPPluginJar : add i2c
2025-08-17 08:42:49,493 [INFO] IPUIPlugin:80 - create IPUIPlugin
2025-08-17 08:42:49,493 [INFO] PluginManager:220 - loadIPPluginJar : add i2s
2025-08-17 08:42:49,497 [INFO] IPUIPlugin:80 - create IPUIPlugin
2025-08-17 08:42:49,498 [INFO] PluginManager:220 - loadIPPluginJar : add i3c
2025-08-17 08:42:49,502 [INFO] IPUIPlugin:80 - create IPUIPlugin
2025-08-17 08:42:49,502 [INFO] PluginManager:220 - loadIPPluginJar : add ipddr
2025-08-17 08:42:49,507 [INFO] IPUIPlugin:80 - create IPUIPlugin
2025-08-17 08:42:49,507 [INFO] PluginManager:220 - loadIPPluginJar : add linkedlist
2025-08-17 08:42:49,509 [INFO] IPUIPlugin:80 - create IPUIPlugin
2025-08-17 08:42:49,509 [INFO] PluginManager:220 - loadIPPluginJar : add lorawan
2025-08-17 08:42:49,510 [INFO] IPUIPlugin:80 - create IPUIPlugin
2025-08-17 08:42:49,510 [INFO] PluginManager:220 - loadIPPluginJar : add ltdc
2025-08-17 08:42:49,514 [INFO] IPUIPlugin:80 - create IPUIPlugin
2025-08-17 08:42:49,515 [INFO] PluginManager:220 - loadIPPluginJar : add mdma
2025-08-17 08:42:49,517 [INFO] IPUIPlugin:80 - create IPUIPlugin
2025-08-17 08:42:49,517 [INFO] PluginManager:220 - loadIPPluginJar : add nvic
2025-08-17 08:42:49,518 [INFO] IPUIPlugin:80 - create IPUIPlugin
2025-08-17 08:42:49,518 [INFO] PluginManager:220 - loadIPPluginJar : add opamp
2025-08-17 08:42:49,520 [INFO] IPUIPlugin:80 - create IPUIPlugin
2025-08-17 08:42:49,520 [INFO] PluginManager:220 - loadIPPluginJar : add openamp
2025-08-17 08:42:49,522 [INFO] IPUIPlugin:80 - create IPUIPlugin
2025-08-17 08:42:49,522 [INFO] PluginManager:220 - loadIPPluginJar : add pdm2pcm
2025-08-17 08:42:49,526 [INFO] IPUIPlugin:80 - create IPUIPlugin
2025-08-17 08:42:49,528 [INFO] PluginManager:220 - loadIPPluginJar : add plateformsettings
2025-08-17 08:42:49,529 [INFO] IPUIPlugin:80 - create IPUIPlugin
2025-08-17 08:42:49,529 [INFO] PluginManager:220 - loadIPPluginJar : add quadspi
2025-08-17 08:42:49,531 [INFO] IPUIPlugin:80 - create IPUIPlugin
2025-08-17 08:42:49,531 [INFO] PluginManager:220 - loadIPPluginJar : add radio
2025-08-17 08:42:49,533 [INFO] IPUIPlugin:80 - create IPUIPlugin
2025-08-17 08:42:49,533 [INFO] PluginManager:220 - loadIPPluginJar : add resmgrutility
2025-08-17 08:42:49,535 [INFO] IPUIPlugin:80 - create IPUIPlugin
2025-08-17 08:42:49,535 [INFO] PluginManager:220 - loadIPPluginJar : add sai
2025-08-17 08:42:49,536 [INFO] IPUIPlugin:80 - create IPUIPlugin
2025-08-17 08:42:49,536 [INFO] PluginManager:220 - loadIPPluginJar : add spi
2025-08-17 08:42:49,539 [INFO] IPUIPlugin:80 - create IPUIPlugin
2025-08-17 08:42:49,539 [INFO] PluginManager:220 - loadIPPluginJar : add stm32_wpan
2025-08-17 08:42:49,540 [INFO] IPUIPlugin:80 - create IPUIPlugin
2025-08-17 08:42:49,540 [INFO] PluginManager:220 - loadIPPluginJar : add tim
2025-08-17 08:42:49,542 [INFO] IPUIPlugin:80 - create IPUIPlugin
2025-08-17 08:42:49,542 [INFO] PluginManager:220 - loadIPPluginJar : add touchsensing
2025-08-17 08:42:49,543 [INFO] IPUIPlugin:80 - create IPUIPlugin
2025-08-17 08:42:49,543 [INFO] PluginManager:220 - loadIPPluginJar : add tracer_emb
2025-08-17 08:42:49,544 [INFO] IPUIPlugin:80 - create IPUIPlugin
2025-08-17 08:42:49,544 [INFO] PluginManager:220 - loadIPPluginJar : add ts
2025-08-17 08:42:49,545 [INFO] IPUIPlugin:80 - create IPUIPlugin
2025-08-17 08:42:49,545 [INFO] PluginManager:220 - loadIPPluginJar : add tsc
2025-08-17 08:42:49,546 [INFO] IPUIPlugin:80 - create IPUIPlugin
2025-08-17 08:42:49,546 [INFO] PluginManager:220 - loadIPPluginJar : add ucpd
2025-08-17 08:42:49,549 [INFO] IPUIPlugin:80 - create IPUIPlugin
2025-08-17 08:42:49,549 [INFO] PluginManager:220 - loadIPPluginJar : add usart
2025-08-17 08:42:49,551 [INFO] IPUIPlugin:80 - create IPUIPlugin
2025-08-17 08:42:49,551 [INFO] PluginManager:220 - loadIPPluginJar : add usbx
2025-08-17 08:42:49,665 [FATAL] Updater:351 - Updater called before beeing initialized
2025-08-17 08:42:49,683 [INFO] RulesReader:64 - Compatibility file has been processed (297 Rules)
2025-08-17 08:42:49,689 [INFO] RulesReader:64 - Compatibility file has been processed (297 Rules)
2025-08-17 08:42:49,695 [INFO] CADModel:165 - CPN selected for project level
2025-08-17 08:42:49,695 [INFO] CADModel:114 - Register for checkConnection events
2025-08-17 08:42:49,695 [FATAL] Updater:351 - Updater called before beeing initialized
2025-08-17 08:42:49,695 [ERROR] CADModel:125 - Updater not yet initialized, retry later 
2025-08-17 08:42:49,790 [FATAL] Updater:351 - Updater called before beeing initialized
2025-08-17 08:42:49,791 [INFO] CADModel:165 - CPN selected for project level
2025-08-17 08:42:49,791 [INFO] CADModel:114 - Register for checkConnection events
2025-08-17 08:42:49,791 [FATAL] Updater:351 - Updater called before beeing initialized
2025-08-17 08:42:49,791 [ERROR] CADModel:125 - Updater not yet initialized, retry later 
2025-08-17 08:42:49,793 [FATAL] Updater:351 - Updater called before beeing initialized
2025-08-17 08:42:49,866 [FATAL] Updater:351 - Updater called before beeing initialized
2025-08-17 08:42:49,869 [INFO] DbMcusAds:53 - JSON generation date=Tue Jul 08 16:14:23 CST 2025 (1751962463582)
2025-08-17 08:42:49,869 [FATAL] Updater:351 - Updater called before beeing initialized
2025-08-17 08:42:49,894 [WARN] DetailPanel:346 - Failed to get advertising image, set to default
2025-08-17 08:42:50,081 [FATAL] Updater:351 - Updater called before beeing initialized
2025-08-17 08:42:50,082 [FATAL] Updater:351 - Updater called before beeing initialized
2025-08-17 08:42:50,082 [FATAL] Updater:351 - Updater called before beeing initialized
2025-08-17 08:42:50,082 [WARN] DetailPanel:346 - Failed to get advertising image, set to default
2025-08-17 08:42:50,083 [FATAL] Updater:351 - Updater called before beeing initialized
2025-08-17 08:42:50,113 [ERROR] Updater:1198 - MainUpdater not yet initialized. External WinMGr cannot be set.
2025-08-17 08:42:50,115 [INFO] Updater:1134 - Updater Version found : 6.13.0
2025-08-17 08:42:50,129 [INFO] ApplicationProperties:184 - Using Application install path: C:\Program Files\STM32CubeIDE_1.17.0\STM32CubeIDE\plugins\com.st.stm32cube.common.mx_6.13.0.202411220809
2025-08-17 08:42:50,393 [INFO] MainUpdater:2872 - connection check result : 10
2025-08-17 08:42:50,394 [INFO] MainUpdater:289 - Updater Check For Update Now.
2025-08-17 08:42:50,394 [INFO] MicroXplorer:498 - Change Database Version : DB.6.0.130
2025-08-17 08:42:50,402 [INFO] McuFinderGlobals:63 - Set McuFinder mode to 2 (CubeIDE integrated)
2025-08-17 08:42:50,402 [INFO] UserAuth:486 - Internet connection configuration mode: 1
2025-08-17 08:42:50,419 [INFO] JxBrowserEngine:152 - Initiate JxBrowser Engine with user profile folder
2025-08-17 08:42:50,562 [INFO] CheckServerUpdateThread:120 - End of CheckServer Thread
2025-08-17 08:42:50,842 [INFO] WebApp:168 - Instantiating new browser for Auth
2025-08-17 08:42:51,337 [INFO] WebApp:449 - Apply proxy settings
2025-08-17 08:42:51,338 [INFO] WebApp:534 - Chromium requires no authentication
2025-08-17 08:42:51,343 [INFO] WebApp:477 - Direct internet connection detected
2025-08-17 08:42:51,358 [INFO] WebApp:880 - Register for checkConnection events
2025-08-17 08:42:51,358 [INFO] WebApp:449 - Apply proxy settings
2025-08-17 08:42:51,358 [INFO] WebApp:534 - Chromium requires no authentication
2025-08-17 08:42:51,359 [INFO] WebApp:477 - Direct internet connection detected
2025-08-17 08:42:51,463 [INFO] WebApp:221 - Starting web application
2025-08-17 08:42:51,463 [INFO] WebApp:579 - Web application path used C:\Program Files\STM32CubeIDE_1.17.0\STM32CubeIDE\plugins\com.st.stm32cube.common.mx_6.13.0.202411220809\db\plugins\mcufinder\reactClient1\index.html
2025-08-17 08:42:51,524 [INFO] UserAuth:486 - Internet connection configuration mode: 1
2025-08-17 08:42:52,180 [WARN] PackLoader:240 - Cannot read IP mode file for STMicroelectronics.FP-SNS-MOTENVWB1.1.4.0
2025-08-17 08:42:52,189 [WARN] PackLoader:240 - Cannot read IP mode file for STMicroelectronics.FP-ATR-ASTRA1.2.0.2
2025-08-17 08:42:52,193 [WARN] PackLoader:240 - Cannot read IP mode file for STMicroelectronics.FP-ATR-ASTRA1.2.0.1
2025-08-17 08:42:52,201 [WARN] PackLoader:240 - Cannot read IP mode file for STMicroelectronics.X-CUBE-SMBUS.2.1.0
2025-08-17 08:42:52,207 [WARN] PackLoader:240 - Cannot read IP mode file for STMicroelectronics.X-CUBE-WB05N.1.1.0
2025-08-17 08:42:52,211 [WARN] PackLoader:240 - Cannot read IP mode file for STMicroelectronics.X-CUBE-ST60.1.0.0
2025-08-17 08:42:52,233 [WARN] PackLoader:240 - Cannot read IP mode file for STMicroelectronics.X-CUBE-AZRTOS-F7.1.1.0
2025-08-17 08:42:52,242 [WARN] PackLoader:240 - Cannot read IP mode file for STMicroelectronics.FP-SNS-FLIGHT1.5.0.2
2025-08-17 08:42:52,264 [WARN] PackLoader:240 - Cannot read IP mode file for Infineon.AIROC-Wi-Fi-Bluetooth-STM32.1.7.0
2025-08-17 08:42:52,290 [WARN] PackLoader:240 - Cannot read IP mode file for STMicroelectronics.X-CUBE-AZRTOS-H7.3.4.0
2025-08-17 08:42:52,298 [WARN] PackLoader:240 - Cannot read IP mode file for STMicroelectronics.X-CUBE-DISPLAY.3.0.0
2025-08-17 08:42:52,307 [WARN] PackLoader:240 - Cannot read IP mode file for STMicroelectronics.X-CUBE-BLE1.7.0.0
2025-08-17 08:42:52,312 [WARN] PackLoader:240 - Cannot read IP mode file for STMicroelectronics.X-CUBE-NFC10.1.0.0
2025-08-17 08:42:52,322 [WARN] PackLoader:240 - Cannot read IP mode file for STMicroelectronics.X-CUBE-BLEMGR.4.0.0
2025-08-17 08:42:52,327 [WARN] PackLoader:240 - Cannot read IP mode file for emotas.I-CUBE-CANOPEN.1.3.0
2025-08-17 08:42:52,331 [WARN] PackLoader:240 - Cannot read IP mode file for STMicroelectronics.X-CUBE-AI.10.0.0
2025-08-17 08:42:52,337 [ERROR] Engine:466 - C:\Users\Administrator\.stm32cubemx\thirdparties\pdsc\STMicroelectronics.FP-SNS-STBOX1.2.1.0.pdsc: PDSC version is not supported
2025-08-17 08:42:52,340 [WARN] PackLoader:240 - Cannot read IP mode file for STMicroelectronics.FP-SNS-SMARTAG2.1.2.0
2025-08-17 08:42:52,343 [WARN] PackLoader:240 - Cannot read IP mode file for STMicroelectronics.FP-SNS-FLIGHT1.5.1.0
2025-08-17 08:42:52,395 [WARN] PackLoader:240 - Cannot read IP mode file for STMicroelectronics.X-CUBE-MEMS1.11.1.0
2025-08-17 08:42:52,565 [INFO] LogOutputStream:77 - [STDOUT_REDIRECT] 1 : Invalid condition id : UX_CORESTACK_Condition cause : null
2025-08-17 08:42:52,566 [INFO] LogOutputStream:77 - [STDOUT_REDIRECT] 1 : Invalid condition id : UX_CORESTACK_Condition cause : null
2025-08-17 08:42:52,568 [INFO] LogOutputStream:77 - [STDOUT_REDIRECT] 1 : Invalid condition id : UX_CORESTACK_Condition cause : null
2025-08-17 08:42:52,569 [INFO] LogOutputStream:77 - [STDOUT_REDIRECT] 1 : Invalid condition id : UX_CORESTACK_Condition cause : null
2025-08-17 08:42:52,570 [INFO] LogOutputStream:77 - [STDOUT_REDIRECT] 1 : Invalid condition id : UX_CORESTACK_Condition cause : null
2025-08-17 08:42:52,572 [WARN] PackLoader:240 - Cannot read IP mode file for STMicroelectronics.X-CUBE-AZRTOS-WL.2.0.0
2025-08-17 08:42:52,579 [WARN] PackLoader:240 - Cannot read IP mode file for STMicroelectronics.FP-SNS-MOTENV1.5.0.0
2025-08-17 08:42:52,587 [WARN] PackLoader:240 - Cannot read IP mode file for wolfSSL.I-CUBE-wolfMQTT.1.19.0
2025-08-17 08:42:52,591 [WARN] PackLoader:240 - Cannot read IP mode file for STMicroelectronics.X-CUBE-BLE2.3.3.0
2025-08-17 08:42:52,596 [WARN] PackLoader:240 - Cannot read IP mode file for STMicroelectronics.X-CUBE-NFC9.1.0.0
2025-08-17 08:42:52,603 [WARN] PackLoader:240 - Cannot read IP mode file for STMicroelectronics.X-CUBE-BLE1.7.1.0
2025-08-17 08:42:52,608 [WARN] PackLoader:240 - Cannot read IP mode file for STMicroelectronics.X-CUBE-EEPRMA1.5.2.0
2025-08-17 08:42:52,611 [WARN] PackLoader:240 - Cannot read IP mode file for STMicroelectronics.X-CUBE-AI.10.1.0
2025-08-17 08:42:52,645 [WARN] PackLoader:240 - Cannot read IP mode file for STMicroelectronics.X-CUBE-MEMS1.11.2.0
2025-08-17 08:42:52,716 [WARN] PackLoader:240 - Cannot read IP mode file for STMicroelectronics.X-CUBE-AZRTOS-G0.1.1.0
2025-08-17 08:42:52,723 [WARN] PackLoader:240 - Cannot read IP mode file for STMicroelectronics.X-CUBE-SAFEA1.1.2.2
2025-08-17 08:42:52,728 [WARN] PackLoader:240 - Cannot read IP mode file for STMicroelectronics.X-CUBE-NFC4.3.0.0
2025-08-17 08:42:52,736 [WARN] PackLoader:240 - Cannot read IP mode file for EmbeddedOffice.I-CUBE-FS-RTOS.1.0.1
2025-08-17 08:42:52,740 [WARN] PackLoader:240 - Cannot read IP mode file for STMicroelectronics.X-CUBE-WB05N.2.0.0
2025-08-17 08:42:52,746 [WARN] PackLoader:240 - Cannot read IP mode file for STMicroelectronics.X-CUBE-TCPP.4.2.0
2025-08-17 08:42:52,752 [WARN] PackLoader:240 - Cannot read IP mode file for RealThread.X-CUBE-RT-Thread_Nano.4.1.1
2025-08-17 08:42:52,756 [WARN] PackLoader:240 - Cannot read IP mode file for STMicroelectronics.FP-ATR-SIGFOX1.3.2.0
2025-08-17 08:42:52,759 [WARN] ConditionMgr:438 - getConditionDescription Invalid condition id : Cortex-A Device cause : null
2025-08-17 08:42:52,771 [WARN] ConditionMgr:1044 - genDependencies : Invalid condition id : Cortex-A Device cause : null
2025-08-17 08:42:52,771 [WARN] ConditionMgr:1044 - genDependencies : Invalid condition id : Cortex-A Device cause : null
2025-08-17 08:42:52,771 [WARN] ConditionMgr:1044 - genDependencies : Invalid condition id : Cortex-A Device cause : null
2025-08-17 08:42:52,774 [WARN] PackLoader:240 - Cannot read IP mode file for STMicroelectronics.X-CUBE-EEPRMA1.5.1.0
2025-08-17 08:42:52,778 [WARN] PackLoader:240 - Cannot read IP mode file for wolfSSL.I-CUBE-wolfSSL.5.7.6
2025-08-17 08:42:52,784 [WARN] PackLoader:240 - Cannot read IP mode file for ITTIA_DB.I-CUBE-ITTIADB.8.9.0
2025-08-17 08:42:52,789 [WARN] PackLoader:240 - Cannot read IP mode file for STMicroelectronics.X-CUBE-ST67W61.1.0.0
2025-08-17 08:42:52,792 [WARN] PackLoader:240 - Cannot read IP mode file for STMicroelectronics.X-CUBE-AI.10.2.0
2025-08-17 08:42:52,809 [WARN] PackLoader:240 - Cannot read IP mode file for SEGGER.I-CUBE-embOS.1.3.1
2025-08-17 08:42:52,843 [WARN] PackLoader:240 - Cannot read IP mode file for STMicroelectronics.X-CUBE-ALGOBUILD.1.4.0
2025-08-17 08:42:52,869 [WARN] PackLoader:240 - Cannot read IP mode file for STMicroelectronics.X-CUBE-MEMS1.11.3.0
2025-08-17 08:42:52,938 [WARN] PackLoader:240 - Cannot read IP mode file for STMicroelectronics.X-CUBE-PM33A1.1.0.0
2025-08-17 08:42:52,954 [WARN] PackLoader:240 - Cannot read IP mode file for STMicroelectronics.X-CUBE-AZRTOS-F4.1.1.0
2025-08-17 08:42:52,961 [WARN] PackLoader:240 - Cannot read IP mode file for STMicroelectronics.X-CUBE-ISPU.2.1.0
2025-08-17 08:42:52,967 [WARN] PackLoader:240 - Cannot read IP mode file for STMicroelectronics.X-CUBE-NFC12.1.0.0
2025-08-17 08:42:52,980 [WARN] PackLoader:240 - Cannot read IP mode file for STMicroelectronics.X-CUBE-AZRTOS-L5.2.0.0
2025-08-17 08:42:52,989 [WARN] PackLoader:240 - Cannot read IP mode file for STMicroelectronics.X-CUBE-NFC6.3.1.0
2025-08-17 08:42:52,995 [WARN] PackLoader:240 - Cannot read IP mode file for STMicroelectronics.X-CUBE-DPower.1.2.0
2025-08-17 08:42:53,000 [WARN] PackLoader:240 - Cannot read IP mode file for STMicroelectronics.X-CUBE-FREERTOS.1.3.1
2025-08-17 08:42:53,005 [WARN] PackLoader:240 - Cannot read IP mode file for STMicroelectronics.X-CUBE-FREERTOS.1.3.0
2025-08-17 08:42:53,009 [WARN] PackLoader:240 - Cannot read IP mode file for STMicroelectronics.X-CUBE-NFC7.1.0.1
2025-08-17 08:42:53,017 [WARN] PackLoader:240 - Cannot read IP mode file for STMicroelectronics.FP-SNS-STAIOTCFT.1.0.0
2025-08-17 08:42:53,021 [WARN] PackLoader:240 - Cannot read IP mode file for STMicroelectronics.X-CUBE-DPower.1.3.0
2025-08-17 08:42:53,047 [WARN] ConditionMgr:438 - getConditionDescription Invalid condition id : LAN8742 Phy interface Condition cause : null
2025-08-17 08:42:53,048 [WARN] PackLoader:240 - Cannot read IP mode file for STMicroelectronics.X-CUBE-AZRTOS-L4.2.0.0
2025-08-17 08:42:53,049 [WARN] ConditionMgr:1044 - genDependencies : Invalid condition id : LAN8742 Phy interface Condition cause : null
2025-08-17 08:42:53,049 [WARN] ConditionMgr:1044 - genDependencies : Invalid condition id : LAN8742 Phy interface Condition cause : null
2025-08-17 08:42:53,049 [WARN] ConditionMgr:1044 - genDependencies : Invalid condition id : LAN8742 Phy interface Condition cause : null
2025-08-17 08:42:53,058 [WARN] PackLoader:240 - Cannot read IP mode file for STMicroelectronics.X-CUBE-SFXS2LP1.4.0.0
2025-08-17 08:42:53,071 [WARN] PackLoader:240 - Cannot read IP mode file for STMicroelectronics.X-CUBE-AZRTOS-H7.3.3.0
2025-08-17 08:42:53,081 [WARN] PackLoader:240 - Cannot read IP mode file for STMicroelectronics.X-CUBE-BLEMGR.4.1.0
2025-08-17 08:42:53,092 [WARN] ConditionMgr:438 - getConditionDescription Invalid condition id : UX DEVICE CLASS RTOS Condition cause : null
2025-08-17 08:42:53,093 [WARN] ConditionMgr:438 - getConditionDescription Invalid condition id : UX DEVICE CLASS RTOS Condition cause : null
2025-08-17 08:42:53,094 [WARN] PackLoader:240 - Cannot read IP mode file for STMicroelectronics.X-CUBE-AZRTOS-WB.2.0.0
2025-08-17 08:42:53,094 [WARN] ConditionMgr:1044 - genDependencies : Invalid condition id : UX DEVICE CLASS RTOS Condition cause : null
2025-08-17 08:42:53,094 [WARN] ConditionMgr:1044 - genDependencies : Invalid condition id : UX DEVICE CLASS RTOS Condition cause : null
2025-08-17 08:42:53,094 [WARN] ConditionMgr:1044 - genDependencies : Invalid condition id : UX DEVICE CLASS RTOS Condition cause : null
2025-08-17 08:42:53,095 [WARN] ConditionMgr:1044 - genDependencies : Invalid condition id : UX DEVICE CLASS RTOS Condition cause : null
2025-08-17 08:42:53,095 [WARN] ConditionMgr:1044 - genDependencies : Invalid condition id : UX DEVICE CLASS RTOS Condition cause : null
2025-08-17 08:42:53,098 [WARN] PackLoader:240 - Cannot read IP mode file for STMicroelectronics.X-CUBE-GNSS1.7.0.1
2025-08-17 08:42:53,105 [WARN] PackLoader:240 - Cannot read IP mode file for STMicroelectronics.X-CUBE-TOUCHGFX.4.25.0
2025-08-17 08:42:53,109 [WARN] PackLoader:240 - Cannot read IP mode file for STMicroelectronics.FP-SNS-STBOX1.2.0.0
2025-08-17 08:42:53,116 [WARN] PackLoader:240 - Cannot read IP mode file for STMicroelectronics.X-CUBE-SUBG2.5.0.0
2025-08-17 08:42:53,129 [WARN] PackLoader:240 - Cannot read IP mode file for STMicroelectronics.X-CUBE-AZRTOS-H7RS.1.1.0
2025-08-17 08:42:53,138 [WARN] PackLoader:240 - Cannot read IP mode file for Cesanta.I-CUBE-Mongoose.7.13.0
2025-08-17 08:42:53,147 [WARN] PackLoader:240 - Cannot read IP mode file for STMicroelectronics.X-CUBE-AZRTOS-G4.2.0.0
2025-08-17 08:42:53,154 [WARN] PackLoader:240 - Cannot read IP mode file for STMicroelectronics.X-CUBE-NFC7.2.0.0
2025-08-17 08:42:53,162 [WARN] PackLoader:240 - Cannot read IP mode file for STMicroelectronics.X-CUBE-IPS.3.1.0
2025-08-17 08:42:53,171 [WARN] PackLoader:240 - Cannot read IP mode file for STMicroelectronics.X-CUBE-ALS.1.0.2
2025-08-17 08:42:53,173 [WARN] PackLoader:240 - Cannot read IP mode file for STMicroelectronics.X-CUBE-TOUCHGFX.4.24.2
2025-08-17 08:42:53,177 [WARN] PackLoader:240 - Cannot read IP mode file for wolfSSL.I-CUBE-wolfTPM.3.4.0
2025-08-17 08:42:53,181 [WARN] PackLoader:240 - Cannot read IP mode file for portGmbH.I-Cube-SoM-uGOAL.1.1.0
2025-08-17 08:42:53,192 [WARN] PackLoader:240 - Cannot read IP mode file for STMicroelectronics.X-CUBE-AZRTOS-H7RS.1.0.0
2025-08-17 08:42:53,208 [WARN] PackLoader:240 - Cannot read IP mode file for STMicroelectronics.X-CUBE-TOF1.3.4.2
2025-08-17 08:42:53,220 [WARN] PackLoader:240 - Cannot read IP mode file for STMicroelectronics.X-CUBE-TOF1.3.4.3
2025-08-17 08:42:53,228 [WARN] PackLoader:240 - Cannot read IP mode file for wolfSSL.I-CUBE-wolfSSH.1.4.17
2025-08-17 08:42:53,229 [INFO] ThirdParty:978 - Integrity check success = true
2025-08-17 08:42:53,229 [INFO] IntegrityCheckThread:100 - exiting critical section [integrity check]
2025-08-17 08:42:53,229 [INFO] IntegrityCheckThread:103 - End integrity checks thread
