2025-08-17 08:38:36,101 [INFO] Activator:176 - 


2025-08-17 08:38:36,107 [INFO] Activator:177 - !SESSION log4j initialized
2025-08-17 08:38:37,810 [INFO] LogOutputStream:77 - [STDOUT_REDIRECT] 
2025-08-17 08:38:42,764 [INFO] ApplicationProperties:184 - Using Application install path: C:\Program Files\STM32CubeIDE_1.17.0\STM32CubeIDE\plugins\com.st.stm32cube.common.mx_6.13.0.202411220809
2025-08-17 08:38:42,779 [INFO] DbMcusXml:78 - Set database path to: C:\Program Files\STM32CubeIDE_1.17.0\STM32CubeIDE\plugins\com.st.stm32cube.common.mx_6.13.0.202411220809\\db\/mcu/
2025-08-17 08:38:42,779 [INFO] ApiDb:274 - Set plugin database path to: C:\Program Files\STM32CubeIDE_1.17.0\STM32CubeIDE\plugins\com.st.stm32cube.common.mx_6.13.0.202411220809\\db\/plugins/boardmanager/
2025-08-17 08:38:42,800 [WARN] ApiDb:259 - Overriding images path with different value:  => C:\Program Files\STM32CubeIDE_1.17.0\STM32CubeIDE\plugins\com.st.stm32cube.common.mx_6.13.0.202411220809\\db\/plugins/mcufinder/images/
2025-08-17 08:38:42,808 [INFO] ApiDb:250 - Set database path to: C:\Users\Administrator\.stmcufinder\plugins\mcufinder//mcu/
2025-08-17 08:38:42,809 [INFO] DbMcusAds:125 - Set database path to: C:\Users\Administrator\.stmcufinder\plugins\mcufinder//mcu/
2025-08-17 08:38:42,813 [INFO] CrossReferenceDbSqlite:203 - Set database path to: C:\Users\Administrator\.stmcufinder\plugins\mcufinder//mcu/cs/
2025-08-17 08:38:42,912 [INFO] RulesReader:64 - Compatibility file has been processed (297 Rules)
2025-08-17 08:38:43,743 [INFO] DbMcusXml:78 - Set database path to: C:\Program Files\STM32CubeIDE_1.17.0\STM32CubeIDE\plugins\com.st.stm32cube.common.mx_6.13.0.202411220809\\db\/mcu/
2025-08-17 08:38:43,743 [INFO] ApiDb:274 - Set plugin database path to: C:\Program Files\STM32CubeIDE_1.17.0\STM32CubeIDE\plugins\com.st.stm32cube.common.mx_6.13.0.202411220809\\db\/plugins/boardmanager/
2025-08-17 08:38:43,743 [INFO] ApiDb:261 - Set plugin images path to: C:\Program Files\STM32CubeIDE_1.17.0\STM32CubeIDE\plugins\com.st.stm32cube.common.mx_6.13.0.202411220809\\db\/plugins/mcufinder/images/
2025-08-17 08:38:43,744 [WARN] DbFile:41 - Overriding database path with different value: C:\Users\Administrator\.stmcufinder\plugins\mcufinder/ => C:\Users\Administrator\.stmcufinder\plugins\mcufinder
2025-08-17 08:38:43,744 [INFO] ApiDb:250 - Set database path to: C:\Users\Administrator\.stmcufinder\plugins\mcufinder//mcu/
2025-08-17 08:38:43,744 [WARN] DbFile:41 - Overriding database path with different value: C:\Users\Administrator\.stmcufinder\plugins\mcufinder/ => C:\Users\Administrator\.stmcufinder\plugins\mcufinder
2025-08-17 08:38:43,744 [INFO] DbMcusAds:125 - Set database path to: C:\Users\Administrator\.stmcufinder\plugins\mcufinder//mcu/
2025-08-17 08:38:43,744 [WARN] DbFile:41 - Overriding database path with different value: C:\Users\Administrator\.stmcufinder\plugins\mcufinder/ => C:\Users\Administrator\.stmcufinder\plugins\mcufinder
2025-08-17 08:38:43,744 [WARN] DbFile:41 - Overriding database path with different value: C:\Users\Administrator\.stmcufinder\plugins\mcufinder/ => C:\Users\Administrator\.stmcufinder\plugins\mcufinder
2025-08-17 08:38:43,744 [INFO] CrossReferenceDbSqlite:203 - Set database path to: C:\Users\Administrator\.stmcufinder\plugins\mcufinder//mcu/cs/
2025-08-17 08:38:43,940 [INFO] MainPanel:272 - HeapMemory: 268435456
2025-08-17 08:38:44,039 [INFO] DbMcusXml:78 - Set database path to: C:\Program Files\STM32CubeIDE_1.17.0\STM32CubeIDE\plugins\com.st.stm32cube.common.mx_6.13.0.202411220809\\db\/mcu/
2025-08-17 08:38:44,039 [INFO] ApiDb:274 - Set plugin database path to: C:\Program Files\STM32CubeIDE_1.17.0\STM32CubeIDE\plugins\com.st.stm32cube.common.mx_6.13.0.202411220809\\db\/plugins/boardmanager/
2025-08-17 08:38:44,039 [INFO] ApiDb:261 - Set plugin images path to: C:\Program Files\STM32CubeIDE_1.17.0\STM32CubeIDE\plugins\com.st.stm32cube.common.mx_6.13.0.202411220809\\db\/plugins/mcufinder/images/
2025-08-17 08:38:44,039 [WARN] DbFile:41 - Overriding database path with different value: C:\Users\Administrator\.stmcufinder\plugins\mcufinder/ => C:\Users\Administrator\.stmcufinder\plugins\mcufinder
2025-08-17 08:38:44,039 [INFO] ApiDb:250 - Set database path to: C:\Users\Administrator\.stmcufinder\plugins\mcufinder//mcu/
2025-08-17 08:38:44,039 [WARN] DbFile:41 - Overriding database path with different value: C:\Users\Administrator\.stmcufinder\plugins\mcufinder/ => C:\Users\Administrator\.stmcufinder\plugins\mcufinder
2025-08-17 08:38:44,039 [INFO] DbMcusAds:125 - Set database path to: C:\Users\Administrator\.stmcufinder\plugins\mcufinder//mcu/
2025-08-17 08:38:44,039 [WARN] DbFile:41 - Overriding database path with different value: C:\Users\Administrator\.stmcufinder\plugins\mcufinder/ => C:\Users\Administrator\.stmcufinder\plugins\mcufinder
2025-08-17 08:38:44,039 [WARN] DbFile:41 - Overriding database path with different value: C:\Users\Administrator\.stmcufinder\plugins\mcufinder/ => C:\Users\Administrator\.stmcufinder\plugins\mcufinder
2025-08-17 08:38:44,039 [INFO] CrossReferenceDbSqlite:203 - Set database path to: C:\Users\Administrator\.stmcufinder\plugins\mcufinder//mcu/cs/
2025-08-17 08:38:44,053 [INFO] ApplicationProperties:184 - Using Application install path: C:\Program Files\STM32CubeIDE_1.17.0\STM32CubeIDE\plugins\com.st.stm32cube.common.mx_6.13.0.202411220809
2025-08-17 08:38:44,054 [INFO] PluginManage:196 - Search for loadable plugins [exclusion list=, ]
2025-08-17 08:38:44,056 [INFO] PluginManage:310 - Check plugin analytics
2025-08-17 08:38:44,217 [INFO] AnalyticsPlugin:253 - Accepted Software Licenses: STM32CubeMX.6.11.1,STM32CubeMX.6.14.1
2025-08-17 08:38:44,217 [INFO] AnalyticsPlugin:255 - Accepted CMSIS Pack Licenses: 
2025-08-17 08:38:44,218 [INFO] AnalyticsPlugin:257 - Accepted Firmware Licenses: 
2025-08-17 08:38:44,219 [INFO] PluginManage:359 - Loaded plugin analytics (category:tool,tabindex:-1)
2025-08-17 08:38:44,220 [INFO] PluginManage:310 - Check plugin cadmodel
2025-08-17 08:38:44,227 [INFO] CADModel:105 - Init CAD model plugin
2025-08-17 08:38:44,227 [INFO] PluginManage:359 - Loaded plugin cadmodel (category:power,tabindex:5)
2025-08-17 08:38:44,227 [INFO] PluginManage:310 - Check plugin clock
2025-08-17 08:38:44,236 [INFO] PluginManage:359 - Loaded plugin clock (category:base,tabindex:2)
2025-08-17 08:38:44,236 [INFO] PluginManage:310 - Check plugin ddr
2025-08-17 08:38:44,238 [INFO] PluginManage:359 - Loaded plugin ddr (category:tool,tabindex:6)
2025-08-17 08:38:44,238 [INFO] PluginManage:310 - Check plugin filemanager
2025-08-17 08:38:44,371 [INFO] PluginManage:359 - Loaded plugin filemanager (category:base,tabindex:10)
2025-08-17 08:38:44,372 [INFO] PluginManage:310 - Check plugin ipmanager
2025-08-17 08:38:44,379 [INFO] PluginManage:359 - Loaded plugin ipmanager (category:base,tabindex:5)
2025-08-17 08:38:44,379 [INFO] PluginManage:310 - Check plugin lpbam
2025-08-17 08:38:44,386 [INFO] PluginManage:359 - Loaded plugin lpbam (category:base,tabindex:0)
2025-08-17 08:38:44,386 [INFO] PluginManage:310 - Check plugin memorymap
2025-08-17 08:38:44,397 [INFO] PluginManage:359 - Loaded plugin memorymap (category:base,tabindex:4)
2025-08-17 08:38:44,398 [INFO] PluginManage:310 - Check plugin pinoutandconfiguration
2025-08-17 08:38:44,405 [INFO] PluginManage:359 - Loaded plugin pinoutandconfiguration (category:base,tabindex:1)
2025-08-17 08:38:44,405 [INFO] PluginManage:310 - Check plugin pinoutconfig
2025-08-17 08:38:44,491 [WARN] SupportedApi:132 - Cannot load RTOS API schema: s4s-elt-must-match.1: The content of 'definitions' must match (annotation?, (simpleType | complexType)?, (unique | key | keyref)*)). A problem was found starting at: attribute.
2025-08-17 08:38:44,601 [INFO] PluginManage:359 - Loaded plugin pinoutconfig (category:base,tabindex:0)
2025-08-17 08:38:44,601 [INFO] PluginManage:310 - Check plugin power
2025-08-17 08:38:44,610 [INFO] PluginManage:359 - Loaded plugin power (category:power,tabindex:4)
2025-08-17 08:38:44,610 [INFO] PluginManage:310 - Check plugin projectmanager
2025-08-17 08:38:44,623 [INFO] PluginManage:359 - Loaded plugin projectmanager (category:projectmanager,tabindex:4)
2025-08-17 08:38:44,623 [INFO] PluginManage:310 - Check plugin rif
2025-08-17 08:38:44,630 [INFO] PluginManage:359 - Loaded plugin rif (category:base,tabindex:3)
2025-08-17 08:38:44,630 [INFO] PluginManage:310 - Check plugin thirdparty
2025-08-17 08:38:44,744 [WARN] IntegrityCheckThread:84 - waiting for thirdparty lock release [integrity check]
2025-08-17 08:38:44,744 [INFO] PluginManage:359 - Loaded plugin thirdparty (category:base,tabindex:-1)
2025-08-17 08:38:44,744 [INFO] IntegrityCheckThread:86 - entering critical section [integrity check]
2025-08-17 08:38:44,744 [INFO] PluginManage:310 - Check plugin tools
2025-08-17 08:38:44,745 [INFO] ThirdPartyUpdaterWithRetryManager:70 - Updater plugin not ready yet. [1/15]
2025-08-17 08:38:44,747 [INFO] PluginManage:359 - Loaded plugin tools (category:base,tabindex:7)
2025-08-17 08:38:44,747 [INFO] PluginManage:310 - Check plugin tutovideos
2025-08-17 08:38:44,896 [INFO] PluginManage:359 - Loaded plugin tutovideos (category:base,tabindex:-1)
2025-08-17 08:38:44,897 [INFO] PluginManage:310 - Check plugin updater
2025-08-17 08:38:44,916 [INFO] PluginManage:359 - Loaded plugin updater (category:base,tabindex:12)
2025-08-17 08:38:44,916 [INFO] PluginManage:310 - Check plugin userauth
2025-08-17 08:38:44,919 [INFO] UserAuth:118 - Init User Auth plugin
2025-08-17 08:38:44,921 [INFO] PluginManage:359 - Loaded plugin userauth (category:base,tabindex:14)
2025-08-17 08:38:44,921 [INFO] PluginManage:283 - PluginManage : Loaded plugins [18]
2025-08-17 08:38:45,134 [INFO] PinOutPanel:1589 - setPackage(No Configuration,No Configuration)
2025-08-17 08:38:45,200 [INFO] CADModel:165 - CPN selected for project level
2025-08-17 08:38:45,200 [INFO] CADModel:114 - Register for checkConnection events
2025-08-17 08:38:45,212 [INFO] IPUIPlugin:80 - create IPUIPlugin
2025-08-17 08:38:45,213 [INFO] PluginManager:220 - loadIPPluginJar : add adc
2025-08-17 08:38:45,215 [INFO] IPUIPlugin:80 - create IPUIPlugin
2025-08-17 08:38:45,215 [INFO] PluginManager:220 - loadIPPluginJar : add aes
2025-08-17 08:38:45,217 [INFO] IPUIPlugin:80 - create IPUIPlugin
2025-08-17 08:38:45,217 [INFO] PluginManager:220 - loadIPPluginJar : add can
2025-08-17 08:38:45,218 [INFO] IPUIPlugin:80 - create IPUIPlugin
2025-08-17 08:38:45,218 [INFO] PluginManager:220 - loadIPPluginJar : add comp
2025-08-17 08:38:45,220 [INFO] IPUIPlugin:80 - create IPUIPlugin
2025-08-17 08:38:45,220 [INFO] PluginManager:220 - loadIPPluginJar : add cryp
2025-08-17 08:38:45,223 [INFO] IPUIPlugin:80 - create IPUIPlugin
2025-08-17 08:38:45,223 [INFO] PluginManager:220 - loadIPPluginJar : add ddr_ctrl_phy
2025-08-17 08:38:45,225 [INFO] IPUIPlugin:80 - create IPUIPlugin
2025-08-17 08:38:45,225 [INFO] PluginManager:220 - loadIPPluginJar : add dfsdm
2025-08-17 08:38:45,228 [INFO] IPUIPlugin:80 - create IPUIPlugin
2025-08-17 08:38:45,228 [INFO] PluginManager:220 - loadIPPluginJar : add dma
2025-08-17 08:38:45,230 [INFO] IPUIPlugin:80 - create IPUIPlugin
2025-08-17 08:38:45,230 [INFO] PluginManager:220 - loadIPPluginJar : add dma3
2025-08-17 08:38:45,232 [INFO] IPUIPlugin:80 - create IPUIPlugin
2025-08-17 08:38:45,232 [INFO] PluginManager:220 - loadIPPluginJar : add extmemmanager
2025-08-17 08:38:45,233 [INFO] IPUIPlugin:80 - create IPUIPlugin
2025-08-17 08:38:45,233 [INFO] PluginManager:220 - loadIPPluginJar : add fatfs
2025-08-17 08:38:45,235 [INFO] IPUIPlugin:80 - create IPUIPlugin
2025-08-17 08:38:45,235 [INFO] PluginManager:220 - loadIPPluginJar : add fmc
2025-08-17 08:38:45,239 [INFO] IPUIPlugin:80 - create IPUIPlugin
2025-08-17 08:38:45,239 [INFO] PluginManager:220 - loadIPPluginJar : add freertos
2025-08-17 08:38:45,240 [INFO] IPUIPlugin:80 - create IPUIPlugin
2025-08-17 08:38:45,240 [INFO] PluginManager:220 - loadIPPluginJar : add genericplugin
2025-08-17 08:38:45,241 [INFO] IPUIPlugin:80 - create IPUIPlugin
2025-08-17 08:38:45,243 [INFO] PluginManager:220 - loadIPPluginJar : add gfxmmu
2025-08-17 08:38:45,245 [INFO] IPUIPlugin:80 - create IPUIPlugin
2025-08-17 08:38:45,246 [INFO] PluginManager:220 - loadIPPluginJar : add gic
2025-08-17 08:38:45,248 [INFO] IPUIPlugin:80 - create IPUIPlugin
2025-08-17 08:38:45,248 [INFO] PluginManager:220 - loadIPPluginJar : add gpio
2025-08-17 08:38:45,250 [INFO] IPUIPlugin:80 - create IPUIPlugin
2025-08-17 08:38:45,250 [INFO] PluginManager:220 - loadIPPluginJar : add gtzc
2025-08-17 08:38:45,252 [INFO] IPUIPlugin:80 - create IPUIPlugin
2025-08-17 08:38:45,252 [INFO] PluginManager:220 - loadIPPluginJar : add hash
2025-08-17 08:38:45,253 [INFO] IPUIPlugin:80 - create IPUIPlugin
2025-08-17 08:38:45,253 [INFO] PluginManager:220 - loadIPPluginJar : add i2c
2025-08-17 08:38:45,254 [INFO] IPUIPlugin:80 - create IPUIPlugin
2025-08-17 08:38:45,255 [INFO] PluginManager:220 - loadIPPluginJar : add i2s
2025-08-17 08:38:45,257 [INFO] IPUIPlugin:80 - create IPUIPlugin
2025-08-17 08:38:45,257 [INFO] PluginManager:220 - loadIPPluginJar : add i3c
2025-08-17 08:38:45,259 [INFO] IPUIPlugin:80 - create IPUIPlugin
2025-08-17 08:38:45,259 [INFO] PluginManager:220 - loadIPPluginJar : add ipddr
2025-08-17 08:38:45,262 [INFO] IPUIPlugin:80 - create IPUIPlugin
2025-08-17 08:38:45,263 [INFO] PluginManager:220 - loadIPPluginJar : add linkedlist
2025-08-17 08:38:45,264 [INFO] IPUIPlugin:80 - create IPUIPlugin
2025-08-17 08:38:45,264 [INFO] PluginManager:220 - loadIPPluginJar : add lorawan
2025-08-17 08:38:45,266 [INFO] IPUIPlugin:80 - create IPUIPlugin
2025-08-17 08:38:45,266 [INFO] PluginManager:220 - loadIPPluginJar : add ltdc
2025-08-17 08:38:45,271 [INFO] IPUIPlugin:80 - create IPUIPlugin
2025-08-17 08:38:45,271 [INFO] PluginManager:220 - loadIPPluginJar : add mdma
2025-08-17 08:38:45,273 [INFO] IPUIPlugin:80 - create IPUIPlugin
2025-08-17 08:38:45,274 [INFO] PluginManager:220 - loadIPPluginJar : add nvic
2025-08-17 08:38:45,275 [INFO] IPUIPlugin:80 - create IPUIPlugin
2025-08-17 08:38:45,276 [INFO] PluginManager:220 - loadIPPluginJar : add opamp
2025-08-17 08:38:45,278 [INFO] IPUIPlugin:80 - create IPUIPlugin
2025-08-17 08:38:45,278 [INFO] PluginManager:220 - loadIPPluginJar : add openamp
2025-08-17 08:38:45,280 [INFO] IPUIPlugin:80 - create IPUIPlugin
2025-08-17 08:38:45,280 [INFO] PluginManager:220 - loadIPPluginJar : add pdm2pcm
2025-08-17 08:38:45,285 [INFO] IPUIPlugin:80 - create IPUIPlugin
2025-08-17 08:38:45,287 [INFO] PluginManager:220 - loadIPPluginJar : add plateformsettings
2025-08-17 08:38:45,288 [INFO] IPUIPlugin:80 - create IPUIPlugin
2025-08-17 08:38:45,288 [INFO] PluginManager:220 - loadIPPluginJar : add quadspi
2025-08-17 08:38:45,289 [INFO] IPUIPlugin:80 - create IPUIPlugin
2025-08-17 08:38:45,290 [INFO] PluginManager:220 - loadIPPluginJar : add radio
2025-08-17 08:38:45,293 [INFO] IPUIPlugin:80 - create IPUIPlugin
2025-08-17 08:38:45,293 [INFO] PluginManager:220 - loadIPPluginJar : add resmgrutility
2025-08-17 08:38:45,295 [INFO] IPUIPlugin:80 - create IPUIPlugin
2025-08-17 08:38:45,295 [INFO] PluginManager:220 - loadIPPluginJar : add sai
2025-08-17 08:38:45,296 [INFO] IPUIPlugin:80 - create IPUIPlugin
2025-08-17 08:38:45,297 [INFO] PluginManager:220 - loadIPPluginJar : add spi
2025-08-17 08:38:45,299 [INFO] IPUIPlugin:80 - create IPUIPlugin
2025-08-17 08:38:45,299 [INFO] PluginManager:220 - loadIPPluginJar : add stm32_wpan
2025-08-17 08:38:45,301 [INFO] IPUIPlugin:80 - create IPUIPlugin
2025-08-17 08:38:45,301 [INFO] PluginManager:220 - loadIPPluginJar : add tim
2025-08-17 08:38:45,305 [INFO] IPUIPlugin:80 - create IPUIPlugin
2025-08-17 08:38:45,305 [INFO] PluginManager:220 - loadIPPluginJar : add touchsensing
2025-08-17 08:38:45,307 [INFO] IPUIPlugin:80 - create IPUIPlugin
2025-08-17 08:38:45,307 [INFO] PluginManager:220 - loadIPPluginJar : add tracer_emb
2025-08-17 08:38:45,308 [INFO] IPUIPlugin:80 - create IPUIPlugin
2025-08-17 08:38:45,309 [INFO] PluginManager:220 - loadIPPluginJar : add ts
2025-08-17 08:38:45,309 [INFO] IPUIPlugin:80 - create IPUIPlugin
2025-08-17 08:38:45,309 [INFO] PluginManager:220 - loadIPPluginJar : add tsc
2025-08-17 08:38:45,311 [INFO] IPUIPlugin:80 - create IPUIPlugin
2025-08-17 08:38:45,311 [INFO] PluginManager:220 - loadIPPluginJar : add ucpd
2025-08-17 08:38:45,314 [INFO] IPUIPlugin:80 - create IPUIPlugin
2025-08-17 08:38:45,314 [INFO] PluginManager:220 - loadIPPluginJar : add usart
2025-08-17 08:38:45,316 [INFO] IPUIPlugin:80 - create IPUIPlugin
2025-08-17 08:38:45,316 [INFO] PluginManager:220 - loadIPPluginJar : add usbx
2025-08-17 08:38:45,431 [FATAL] Updater:351 - Updater called before beeing initialized
2025-08-17 08:38:45,449 [INFO] RulesReader:64 - Compatibility file has been processed (297 Rules)
2025-08-17 08:38:45,457 [INFO] RulesReader:64 - Compatibility file has been processed (297 Rules)
2025-08-17 08:38:45,464 [INFO] CADModel:165 - CPN selected for project level
2025-08-17 08:38:45,464 [INFO] CADModel:114 - Register for checkConnection events
2025-08-17 08:38:45,464 [FATAL] Updater:351 - Updater called before beeing initialized
2025-08-17 08:38:45,464 [ERROR] CADModel:125 - Updater not yet initialized, retry later 
2025-08-17 08:38:45,569 [FATAL] Updater:351 - Updater called before beeing initialized
2025-08-17 08:38:45,571 [INFO] CADModel:165 - CPN selected for project level
2025-08-17 08:38:45,571 [INFO] CADModel:114 - Register for checkConnection events
2025-08-17 08:38:45,571 [FATAL] Updater:351 - Updater called before beeing initialized
2025-08-17 08:38:45,571 [ERROR] CADModel:125 - Updater not yet initialized, retry later 
2025-08-17 08:38:45,573 [FATAL] Updater:351 - Updater called before beeing initialized
2025-08-17 08:38:45,648 [FATAL] Updater:351 - Updater called before beeing initialized
2025-08-17 08:38:45,651 [INFO] DbMcusAds:53 - JSON generation date=Tue Jul 08 16:14:23 CST 2025 (1751962463582)
2025-08-17 08:38:45,651 [FATAL] Updater:351 - Updater called before beeing initialized
2025-08-17 08:38:45,688 [WARN] DetailPanel:346 - Failed to get advertising image, set to default
2025-08-17 08:38:45,871 [FATAL] Updater:351 - Updater called before beeing initialized
2025-08-17 08:38:45,873 [FATAL] Updater:351 - Updater called before beeing initialized
2025-08-17 08:38:45,873 [FATAL] Updater:351 - Updater called before beeing initialized
2025-08-17 08:38:45,873 [WARN] DetailPanel:346 - Failed to get advertising image, set to default
2025-08-17 08:38:45,874 [FATAL] Updater:351 - Updater called before beeing initialized
2025-08-17 08:38:45,917 [ERROR] Updater:1198 - MainUpdater not yet initialized. External WinMGr cannot be set.
2025-08-17 08:38:45,919 [INFO] Updater:1134 - Updater Version found : 6.13.0
2025-08-17 08:38:45,937 [INFO] ApplicationProperties:184 - Using Application install path: C:\Program Files\STM32CubeIDE_1.17.0\STM32CubeIDE\plugins\com.st.stm32cube.common.mx_6.13.0.202411220809
2025-08-17 08:38:46,228 [INFO] MainUpdater:2872 - connection check result : 10
2025-08-17 08:38:46,229 [INFO] MainUpdater:289 - Updater Check For Update Now.
2025-08-17 08:38:46,229 [INFO] MicroXplorer:498 - Change Database Version : DB.6.0.130
2025-08-17 08:38:46,236 [INFO] McuFinderGlobals:63 - Set McuFinder mode to 2 (CubeIDE integrated)
2025-08-17 08:38:46,236 [INFO] UserAuth:486 - Internet connection configuration mode: 1
2025-08-17 08:38:46,257 [INFO] JxBrowserEngine:152 - Initiate JxBrowser Engine with user profile folder
2025-08-17 08:38:46,394 [INFO] CheckServerUpdateThread:120 - End of CheckServer Thread
2025-08-17 08:38:47,493 [INFO] WebApp:168 - Instantiating new browser for Auth
2025-08-17 08:38:47,926 [WARN] PackLoader:240 - Cannot read IP mode file for STMicroelectronics.FP-SNS-MOTENVWB1.1.4.0
2025-08-17 08:38:47,933 [WARN] PackLoader:240 - Cannot read IP mode file for STMicroelectronics.FP-ATR-ASTRA1.2.0.2
2025-08-17 08:38:47,937 [WARN] PackLoader:240 - Cannot read IP mode file for STMicroelectronics.FP-ATR-ASTRA1.2.0.1
2025-08-17 08:38:47,943 [WARN] PackLoader:240 - Cannot read IP mode file for STMicroelectronics.X-CUBE-SMBUS.2.1.0
2025-08-17 08:38:47,950 [WARN] PackLoader:240 - Cannot read IP mode file for STMicroelectronics.X-CUBE-WB05N.1.1.0
2025-08-17 08:38:47,959 [WARN] PackLoader:240 - Cannot read IP mode file for STMicroelectronics.X-CUBE-ST60.1.0.0
2025-08-17 08:38:47,996 [WARN] PackLoader:240 - Cannot read IP mode file for STMicroelectronics.X-CUBE-AZRTOS-F7.1.1.0
2025-08-17 08:38:48,016 [WARN] PackLoader:240 - Cannot read IP mode file for STMicroelectronics.FP-SNS-FLIGHT1.5.0.2
2025-08-17 08:38:48,052 [WARN] PackLoader:240 - Cannot read IP mode file for Infineon.AIROC-Wi-Fi-Bluetooth-STM32.1.7.0
2025-08-17 08:38:48,078 [WARN] PackLoader:240 - Cannot read IP mode file for STMicroelectronics.X-CUBE-AZRTOS-H7.3.4.0
2025-08-17 08:38:48,089 [WARN] PackLoader:240 - Cannot read IP mode file for STMicroelectronics.X-CUBE-DISPLAY.3.0.0
2025-08-17 08:38:48,123 [WARN] PackLoader:240 - Cannot read IP mode file for STMicroelectronics.X-CUBE-BLE1.7.0.0
2025-08-17 08:38:48,143 [WARN] PackLoader:240 - Cannot read IP mode file for STMicroelectronics.X-CUBE-NFC10.1.0.0
2025-08-17 08:38:48,158 [WARN] PackLoader:240 - Cannot read IP mode file for STMicroelectronics.X-CUBE-BLEMGR.4.0.0
2025-08-17 08:38:48,167 [INFO] WebApp:449 - Apply proxy settings
2025-08-17 08:38:48,167 [INFO] WebApp:534 - Chromium requires no authentication
2025-08-17 08:38:48,175 [WARN] PackLoader:240 - Cannot read IP mode file for emotas.I-CUBE-CANOPEN.1.3.0
2025-08-17 08:38:48,182 [INFO] WebApp:477 - Direct internet connection detected
2025-08-17 08:38:48,182 [WARN] PackLoader:240 - Cannot read IP mode file for STMicroelectronics.X-CUBE-AI.10.0.0
2025-08-17 08:38:48,188 [ERROR] Engine:466 - C:\Users\Administrator\.stm32cubemx\thirdparties\pdsc\STMicroelectronics.FP-SNS-STBOX1.2.1.0.pdsc: PDSC version is not supported
2025-08-17 08:38:48,195 [WARN] PackLoader:240 - Cannot read IP mode file for STMicroelectronics.FP-SNS-SMARTAG2.1.2.0
2025-08-17 08:38:48,200 [WARN] PackLoader:240 - Cannot read IP mode file for STMicroelectronics.FP-SNS-FLIGHT1.5.1.0
2025-08-17 08:38:48,218 [INFO] WebApp:880 - Register for checkConnection events
2025-08-17 08:38:48,218 [INFO] WebApp:449 - Apply proxy settings
2025-08-17 08:38:48,219 [INFO] WebApp:534 - Chromium requires no authentication
2025-08-17 08:38:48,219 [INFO] WebApp:477 - Direct internet connection detected
2025-08-17 08:38:48,239 [WARN] PackLoader:240 - Cannot read IP mode file for STMicroelectronics.X-CUBE-MEMS1.11.1.0
2025-08-17 08:38:48,348 [INFO] LogOutputStream:77 - [STDOUT_REDIRECT] 1 : Invalid condition id : UX_CORESTACK_Condition cause : null
2025-08-17 08:38:48,349 [INFO] LogOutputStream:77 - [STDOUT_REDIRECT] 1 : Invalid condition id : UX_CORESTACK_Condition cause : null
2025-08-17 08:38:48,349 [INFO] LogOutputStream:77 - [STDOUT_REDIRECT] 1 : Invalid condition id : UX_CORESTACK_Condition cause : null
2025-08-17 08:38:48,350 [INFO] LogOutputStream:77 - [STDOUT_REDIRECT] 1 : Invalid condition id : UX_CORESTACK_Condition cause : null
2025-08-17 08:38:48,352 [INFO] LogOutputStream:77 - [STDOUT_REDIRECT] 1 : Invalid condition id : UX_CORESTACK_Condition cause : null
2025-08-17 08:38:48,362 [WARN] PackLoader:240 - Cannot read IP mode file for STMicroelectronics.X-CUBE-AZRTOS-WL.2.0.0
2025-08-17 08:38:48,369 [WARN] PackLoader:240 - Cannot read IP mode file for STMicroelectronics.FP-SNS-MOTENV1.5.0.0
2025-08-17 08:38:48,379 [WARN] PackLoader:240 - Cannot read IP mode file for wolfSSL.I-CUBE-wolfMQTT.1.19.0
2025-08-17 08:38:48,384 [WARN] PackLoader:240 - Cannot read IP mode file for STMicroelectronics.X-CUBE-BLE2.3.3.0
2025-08-17 08:38:48,394 [WARN] PackLoader:240 - Cannot read IP mode file for STMicroelectronics.X-CUBE-NFC9.1.0.0
2025-08-17 08:38:48,400 [WARN] PackLoader:240 - Cannot read IP mode file for STMicroelectronics.X-CUBE-BLE1.7.1.0
2025-08-17 08:38:48,409 [WARN] PackLoader:240 - Cannot read IP mode file for STMicroelectronics.X-CUBE-EEPRMA1.5.2.0
2025-08-17 08:38:48,414 [WARN] PackLoader:240 - Cannot read IP mode file for STMicroelectronics.X-CUBE-AI.10.1.0
2025-08-17 08:38:48,469 [WARN] PackLoader:240 - Cannot read IP mode file for STMicroelectronics.X-CUBE-MEMS1.11.2.0
2025-08-17 08:38:48,494 [INFO] WebApp:221 - Starting web application
2025-08-17 08:38:48,495 [INFO] WebApp:579 - Web application path used C:\Program Files\STM32CubeIDE_1.17.0\STM32CubeIDE\plugins\com.st.stm32cube.common.mx_6.13.0.202411220809\db\plugins\mcufinder\reactClient1\index.html
2025-08-17 08:38:48,551 [WARN] PackLoader:240 - Cannot read IP mode file for STMicroelectronics.X-CUBE-AZRTOS-G0.1.1.0
2025-08-17 08:38:48,567 [WARN] PackLoader:240 - Cannot read IP mode file for STMicroelectronics.X-CUBE-SAFEA1.1.2.2
2025-08-17 08:38:48,573 [WARN] PackLoader:240 - Cannot read IP mode file for STMicroelectronics.X-CUBE-NFC4.3.0.0
2025-08-17 08:38:48,584 [WARN] PackLoader:240 - Cannot read IP mode file for EmbeddedOffice.I-CUBE-FS-RTOS.1.0.1
2025-08-17 08:38:48,594 [WARN] PackLoader:240 - Cannot read IP mode file for STMicroelectronics.X-CUBE-WB05N.2.0.0
2025-08-17 08:38:48,607 [INFO] UserAuth:486 - Internet connection configuration mode: 1
2025-08-17 08:38:48,609 [WARN] PackLoader:240 - Cannot read IP mode file for STMicroelectronics.X-CUBE-TCPP.4.2.0
2025-08-17 08:38:48,623 [WARN] PackLoader:240 - Cannot read IP mode file for RealThread.X-CUBE-RT-Thread_Nano.4.1.1
2025-08-17 08:38:48,637 [WARN] PackLoader:240 - Cannot read IP mode file for STMicroelectronics.FP-ATR-SIGFOX1.3.2.0
2025-08-17 08:38:48,645 [WARN] ConditionMgr:438 - getConditionDescription Invalid condition id : Cortex-A Device cause : null
2025-08-17 08:38:48,656 [WARN] ConditionMgr:1044 - genDependencies : Invalid condition id : Cortex-A Device cause : null
2025-08-17 08:38:48,657 [WARN] ConditionMgr:1044 - genDependencies : Invalid condition id : Cortex-A Device cause : null
2025-08-17 08:38:48,657 [WARN] ConditionMgr:1044 - genDependencies : Invalid condition id : Cortex-A Device cause : null
2025-08-17 08:38:48,664 [WARN] PackLoader:240 - Cannot read IP mode file for STMicroelectronics.X-CUBE-EEPRMA1.5.1.0
2025-08-17 08:38:48,672 [WARN] PackLoader:240 - Cannot read IP mode file for wolfSSL.I-CUBE-wolfSSL.5.7.6
2025-08-17 08:38:48,685 [WARN] PackLoader:240 - Cannot read IP mode file for ITTIA_DB.I-CUBE-ITTIADB.8.9.0
2025-08-17 08:38:48,694 [WARN] PackLoader:240 - Cannot read IP mode file for STMicroelectronics.X-CUBE-ST67W61.1.0.0
2025-08-17 08:38:48,703 [WARN] PackLoader:240 - Cannot read IP mode file for STMicroelectronics.X-CUBE-AI.10.2.0
2025-08-17 08:38:48,725 [WARN] PackLoader:240 - Cannot read IP mode file for SEGGER.I-CUBE-embOS.1.3.1
2025-08-17 08:38:48,749 [WARN] PackLoader:240 - Cannot read IP mode file for STMicroelectronics.X-CUBE-ALGOBUILD.1.4.0
2025-08-17 08:38:48,775 [WARN] PackLoader:240 - Cannot read IP mode file for STMicroelectronics.X-CUBE-MEMS1.11.3.0
2025-08-17 08:38:48,852 [WARN] PackLoader:240 - Cannot read IP mode file for STMicroelectronics.X-CUBE-PM33A1.1.0.0
2025-08-17 08:38:48,863 [WARN] PackLoader:240 - Cannot read IP mode file for STMicroelectronics.X-CUBE-AZRTOS-F4.1.1.0
2025-08-17 08:38:48,869 [WARN] PackLoader:240 - Cannot read IP mode file for STMicroelectronics.X-CUBE-ISPU.2.1.0
2025-08-17 08:38:48,876 [WARN] PackLoader:240 - Cannot read IP mode file for STMicroelectronics.X-CUBE-NFC12.1.0.0
2025-08-17 08:38:48,889 [WARN] PackLoader:240 - Cannot read IP mode file for STMicroelectronics.X-CUBE-AZRTOS-L5.2.0.0
2025-08-17 08:38:48,896 [WARN] PackLoader:240 - Cannot read IP mode file for STMicroelectronics.X-CUBE-NFC6.3.1.0
2025-08-17 08:38:48,903 [WARN] PackLoader:240 - Cannot read IP mode file for STMicroelectronics.X-CUBE-DPower.1.2.0
2025-08-17 08:38:48,909 [WARN] PackLoader:240 - Cannot read IP mode file for STMicroelectronics.X-CUBE-FREERTOS.1.3.1
2025-08-17 08:38:48,911 [WARN] PackLoader:240 - Cannot read IP mode file for STMicroelectronics.X-CUBE-FREERTOS.1.3.0
2025-08-17 08:38:48,916 [WARN] PackLoader:240 - Cannot read IP mode file for STMicroelectronics.X-CUBE-NFC7.1.0.1
2025-08-17 08:38:48,921 [WARN] PackLoader:240 - Cannot read IP mode file for STMicroelectronics.FP-SNS-STAIOTCFT.1.0.0
2025-08-17 08:38:48,925 [WARN] PackLoader:240 - Cannot read IP mode file for STMicroelectronics.X-CUBE-DPower.1.3.0
2025-08-17 08:38:48,937 [WARN] ConditionMgr:438 - getConditionDescription Invalid condition id : LAN8742 Phy interface Condition cause : null
2025-08-17 08:38:48,937 [WARN] PackLoader:240 - Cannot read IP mode file for STMicroelectronics.X-CUBE-AZRTOS-L4.2.0.0
2025-08-17 08:38:48,939 [WARN] ConditionMgr:1044 - genDependencies : Invalid condition id : LAN8742 Phy interface Condition cause : null
2025-08-17 08:38:48,939 [WARN] ConditionMgr:1044 - genDependencies : Invalid condition id : LAN8742 Phy interface Condition cause : null
2025-08-17 08:38:48,939 [WARN] ConditionMgr:1044 - genDependencies : Invalid condition id : LAN8742 Phy interface Condition cause : null
2025-08-17 08:38:48,945 [WARN] PackLoader:240 - Cannot read IP mode file for STMicroelectronics.X-CUBE-SFXS2LP1.4.0.0
2025-08-17 08:38:48,969 [WARN] PackLoader:240 - Cannot read IP mode file for STMicroelectronics.X-CUBE-AZRTOS-H7.3.3.0
2025-08-17 08:38:48,981 [WARN] PackLoader:240 - Cannot read IP mode file for STMicroelectronics.X-CUBE-BLEMGR.4.1.0
2025-08-17 08:38:48,992 [WARN] ConditionMgr:438 - getConditionDescription Invalid condition id : UX DEVICE CLASS RTOS Condition cause : null
2025-08-17 08:38:48,992 [WARN] ConditionMgr:438 - getConditionDescription Invalid condition id : UX DEVICE CLASS RTOS Condition cause : null
2025-08-17 08:38:48,994 [WARN] PackLoader:240 - Cannot read IP mode file for STMicroelectronics.X-CUBE-AZRTOS-WB.2.0.0
2025-08-17 08:38:48,994 [WARN] ConditionMgr:1044 - genDependencies : Invalid condition id : UX DEVICE CLASS RTOS Condition cause : null
2025-08-17 08:38:48,994 [WARN] ConditionMgr:1044 - genDependencies : Invalid condition id : UX DEVICE CLASS RTOS Condition cause : null
2025-08-17 08:38:48,995 [WARN] ConditionMgr:1044 - genDependencies : Invalid condition id : UX DEVICE CLASS RTOS Condition cause : null
2025-08-17 08:38:48,995 [WARN] ConditionMgr:1044 - genDependencies : Invalid condition id : UX DEVICE CLASS RTOS Condition cause : null
2025-08-17 08:38:48,995 [WARN] ConditionMgr:1044 - genDependencies : Invalid condition id : UX DEVICE CLASS RTOS Condition cause : null
2025-08-17 08:38:49,000 [WARN] PackLoader:240 - Cannot read IP mode file for STMicroelectronics.X-CUBE-GNSS1.7.0.1
2025-08-17 08:38:49,007 [WARN] PackLoader:240 - Cannot read IP mode file for STMicroelectronics.X-CUBE-TOUCHGFX.4.25.0
2025-08-17 08:38:49,011 [WARN] PackLoader:240 - Cannot read IP mode file for STMicroelectronics.FP-SNS-STBOX1.2.0.0
2025-08-17 08:38:49,027 [WARN] PackLoader:240 - Cannot read IP mode file for STMicroelectronics.X-CUBE-SUBG2.5.0.0
2025-08-17 08:38:49,046 [WARN] PackLoader:240 - Cannot read IP mode file for STMicroelectronics.X-CUBE-AZRTOS-H7RS.1.1.0
2025-08-17 08:38:49,053 [WARN] PackLoader:240 - Cannot read IP mode file for Cesanta.I-CUBE-Mongoose.7.13.0
2025-08-17 08:38:49,063 [WARN] PackLoader:240 - Cannot read IP mode file for STMicroelectronics.X-CUBE-AZRTOS-G4.2.0.0
2025-08-17 08:38:49,070 [WARN] PackLoader:240 - Cannot read IP mode file for STMicroelectronics.X-CUBE-NFC7.2.0.0
2025-08-17 08:38:49,078 [WARN] PackLoader:240 - Cannot read IP mode file for STMicroelectronics.X-CUBE-IPS.3.1.0
2025-08-17 08:38:49,084 [WARN] PackLoader:240 - Cannot read IP mode file for STMicroelectronics.X-CUBE-ALS.1.0.2
2025-08-17 08:38:49,087 [WARN] PackLoader:240 - Cannot read IP mode file for STMicroelectronics.X-CUBE-TOUCHGFX.4.24.2
2025-08-17 08:38:49,092 [WARN] PackLoader:240 - Cannot read IP mode file for wolfSSL.I-CUBE-wolfTPM.3.4.0
2025-08-17 08:38:49,096 [WARN] PackLoader:240 - Cannot read IP mode file for portGmbH.I-Cube-SoM-uGOAL.1.1.0
2025-08-17 08:38:49,106 [WARN] PackLoader:240 - Cannot read IP mode file for STMicroelectronics.X-CUBE-AZRTOS-H7RS.1.0.0
2025-08-17 08:38:49,113 [WARN] PackLoader:240 - Cannot read IP mode file for STMicroelectronics.X-CUBE-TOF1.3.4.2
2025-08-17 08:38:49,125 [WARN] PackLoader:240 - Cannot read IP mode file for STMicroelectronics.X-CUBE-TOF1.3.4.3
2025-08-17 08:38:49,133 [WARN] PackLoader:240 - Cannot read IP mode file for wolfSSL.I-CUBE-wolfSSH.1.4.17
2025-08-17 08:38:49,134 [INFO] ThirdParty:978 - Integrity check success = true
2025-08-17 08:38:49,134 [INFO] IntegrityCheckThread:100 - exiting critical section [integrity check]
2025-08-17 08:38:49,134 [INFO] IntegrityCheckThread:103 - End integrity checks thread
2025-08-17 08:39:01,656 [ERROR] LogOutputStream:75 - [STDERR_REDIRECT] 
